Get Available License
J/w1xLP1SDn1yEmMalEh1FqpAvooNiq1WXgWzGaEjsw9dW3rI9WXjAtaFNXYuC9VEYUUFslUI6SW/By8Vbwb8mU2QmY5mi37a+/+e4ZUgLZqMPWuAWYDu27QsH6itn7GQ74IH75bSUExO9fesOvGJv4Wn9ndcZ4rEbMsTDuQ12F9cq73Tm+hUEF84UnhFnPYJN5TADuQkaN18YmKgv0rzkGrEHOKn1gwLCEvk+fLjaASonJaG2VYpN0cWN44su97oxKpK7T9fiW94JuO3yB0VlIUt9roLKEnoh44cCppa7T6kfhkiEJbI56eDx9se9lwVXL10nSq14UTvR2iJLBS4M/vqMO0OCS+2fSMGbYt9km3uqDd/YUbygP0lniW3CvzZHwx/JRjnFmkgGDH5H1eFsS2LEJSczW0XfgIIdpV/BxOnhHxbZ1j0aY46cY1Ko2Dtr2B6vcMtTSd/pRa/3qGfvS1kPfkmbobrjhAVSjp4kDW1KKyae7BtfmkYPHAcC0TKrr5C47JxYu2ipyHxIPtMWaSOCnC2h8feTTPhKw0pMFga5Gco1w86oITlZ1ebMg95qNxB+iJtr4jab3MBTvKuapfymHvX38N9NYtVIJP2IIR+elG4AZwZJ1mjhLGJ+gfALP/xt9vk87us9LKxSIKDlag8yGJlbsaT8/7UTUtJLrzCfLaYg19+i9OPLC2vcEYT31fLHIgPLtLGWi7W9bOt8XqDcsZKmQ9tEbXbXJC09YTCGWAMiKjUYjeG+4yzS4iX4/KEfmoe58=
Publishing 'PSU_RM_TSP_commands (111408)' to PlainHTML (43289) (Started 8:45:19 PM)
Loading variables (8:45:19 PM)
Checking Release States (8:45:19 PM)
Creating output folder
Load book contents (8:45:19 PM)
Load related groups (8:45:19 PM)
Loading Book (< 1 Second)
Start publishing content (8:45:20 PM)
Determining PlainHTML filenames (< 1 Second)
The file 'ait-us1c1\1\k\keithley\CompanyShare\Templates\Templates\plain html\topic.gif' was not found in folder "\\ait-us1c1smb\clients$\ait-us1c1\1\k\keithley\CompanyShare\Templates\Templates\plain html".
The file 'ait-us1c1\1\k\keithley\CompanyShare\Templates\Templates\plain html\cbook.gif' was not found in folder "\\ait-us1c1smb\clients$\ait-us1c1\1\k\keithley\CompanyShare\Templates\Templates\plain html".
The file 'ait-us1c1\1\k\keithley\CompanyShare\Templates\Templates\plain html\obook.gif' was not found in folder "\\ait-us1c1smb\clients$\ait-us1c1\1\k\keithley\CompanyShare\Templates\Templates\plain html".
The file 'ait-us1c1\1\k\keithley\CompanyShare\Templates\Templates\plain html\plus.gif' was not found in folder "\\ait-us1c1smb\clients$\ait-us1c1\1\k\keithley\CompanyShare\Templates\Templates\plain html".
The file 'ait-us1c1\1\k\keithley\CompanyShare\Templates\Templates\plain html\minus.gif' was not found in folder "\\ait-us1c1smb\clients$\ait-us1c1\1\k\keithley\CompanyShare\Templates\Templates\plain html".
The file 'ait-us1c1\1\k\keithley\CompanyShare\Templates\Templates\plain html\space.gif' was not found in folder "\\ait-us1c1smb\clients$\ait-us1c1\1\k\keithley\CompanyShare\Templates\Templates\plain html".
HTML Template file '..\Templates\Templates\web help\topic.htm' not found in Media Object 37.
Creating Table of Contents (< 1 Second)
Topic 'TSP command reference ***chap***' - 18079
HTML Template file '..\Templates\Templates\web help\topic.htm' not found in Media Object 36.
File 'Next Icon' - 124
File 'Contents Icon' - 122
Topic 'MP5000 PSU TSP commands' - 116608
HTML Template file '..\Templates\Templates\web help\topic.htm' not found in Media Object 44.
File 'Previous Icon' - 125
File 'Contents Icon' - 59380
Topic 'bufferVar.appendmode ***MP5000 PSUs***' - 107189
HTML Template file '..\Templates\Templates\web help\topic.htm' not found in Media Object 16408.
Topic 'bufferVar.cachemode ***MP5000 PSUs***' - 115929
HTML Template file '..\Templates\Templates\web help\topic.htm' not found in Media Object 16408.
Topic 'bufferVar.capacity ***MP5000 PSUs***' - 107191
HTML Template file '..\Templates\Templates\web help\topic.htm' not found in Media Object 16408.
Topic 'bufferVar.clear() ***MP5000 PSUs***' - 107193
HTML Template file '..\Templates\Templates\web help\topic.htm' not found in Media Object 16408.
Topic 'bufferVar.clearcache()  ***MP5000 PSUs***' - 115930
HTML Template file '..\Templates\Templates\web help\topic.htm' not found in Media Object 16408.
Topic 'bufferVar.fillcount ***MP5000 PSUs***' - 107195
HTML Template file '..\Templates\Templates\web help\topic.htm' not found in Media Object 16408.
Topic 'bufferVar.fillmode ***MP5000 PSUs***' - 107196
HTML Template file '..\Templates\Templates\web help\topic.htm' not found in Media Object 16408.
Topic 'bufferVar.fractionalseconds ***MP5000 PSUs***' - 116911
HTML Template file '..\Templates\Templates\web help\topic.htm' not found in Media Object 16408.
Topic 'bufferVar.measurefunctions ***MP5000 PSUs***' - 116005
HTML Template file '..\Templates\Templates\web help\topic.htm' not found in Media Object 16408.
Topic 'bufferVar.measureranges ***MP5000 PSUs***' - 116008
HTML Template file '..\Templates\Templates\web help\topic.htm' not found in Media Object 16408.
Topic 'bufferVar.n ***MP5000 PSUs***' - 116011
HTML Template file '..\Templates\Templates\web help\topic.htm' not found in Media Object 16408.
Topic 'bufferVar.readings ***MP5000 PSUs***' - 116017
HTML Template file '..\Templates\Templates\web help\topic.htm' not found in Media Object 16408.
Topic 'bufferVar.seconds ***MP5000 PSUs***' - 116913
HTML Template file '..\Templates\Templates\web help\topic.htm' not found in Media Object 16408.
Topic 'bufferVar.sourcefunctions ***MP5000 PSUs***' - 116020
HTML Template file '..\Templates\Templates\web help\topic.htm' not found in Media Object 16408.
Topic 'bufferVar.sourceoutputstates ***MP5000 PSUs***' - 116024
HTML Template file '..\Templates\Templates\web help\topic.htm' not found in Media Object 16408.
Topic 'bufferVar.sourceranges ***MP5000 PSUs***' - 116027
HTML Template file '..\Templates\Templates\web help\topic.htm' not found in Media Object 16408.
Topic 'bufferVar.sourcevalues ***MP5000 PSUs***' - 116030
HTML Template file '..\Templates\Templates\web help\topic.htm' not found in Media Object 16408.
Topic 'bufferVar.statuses ***MP5000 PSUs***' - 116034
HTML Template file '..\Templates\Templates\web help\topic.htm' not found in Media Object 16408.
Topic 'bufferVar.timestampresolution ***MP5000 PSUs***' - 116038
HTML Template file '..\Templates\Templates\web help\topic.htm' not found in Media Object 16408.
Topic 'bufferVar.timestamps ***MP5000 PSUs***' - 116040
HTML Template file '..\Templates\Templates\web help\topic.htm' not found in Media Object 16408.
Topic 'slot[Z].firmware.update() ***MP5000 PSUs***' - 116043
HTML Template file '..\Templates\Templates\web help\topic.htm' not found in Media Object 16408.
Topic 'slot[Z].firmware.verify() ***MP5000 PSUs***' - 116046
HTML Template file '..\Templates\Templates\web help\topic.htm' not found in Media Object 16408.
Topic 'slot[Z].license ***MP5000 PSUs and SMUs***' - 117422
HTML Template file '..\Templates\Templates\web help\topic.htm' not found in Media Object 16408.
Topic 'slot[Z].manufacturer ***MP5000 PSUs and SMUs***' - 107212
HTML Template file '..\Templates\Templates\web help\topic.htm' not found in Media Object 16408.
Topic 'slot[Z].model ***MP5000 SMUs and PSUs***' - 107213
HTML Template file '..\Templates\Templates\web help\topic.htm' not found in Media Object 16408.
Topic 'slot[Z].psu[X].abort() ***MP5000 PSUs***' - 114919
HTML Template file '..\Templates\Templates\web help\topic.htm' not found in Media Object 16408.
Topic 'slot[Z].psu[X].configlist.create() ***MP5000 PSUs***' - 115220
HTML Template file '..\Templates\Templates\web help\topic.htm' not found in Media Object 16408.
Topic 'slot[Z].psu[X].configlist.delete() ***MP5000 PSUs***' - 115224
HTML Template file '..\Templates\Templates\web help\topic.htm' not found in Media Object 16408.
Topic 'slot[Z].psu[X].configlist.query() ***MP5000 PSUs***' - 115225
HTML Template file '..\Templates\Templates\web help\topic.htm' not found in Media Object 16408.
Topic 'slot[Z].psu[X].configlist.recall() ***MP5000 PSUs***' - 115221
HTML Template file '..\Templates\Templates\web help\topic.htm' not found in Media Object 16408.
Topic 'slot[Z].psu[X].configlist.size() ***MP5000 PSUs***' - 115227
HTML Template file '..\Templates\Templates\web help\topic.htm' not found in Media Object 16408.
Topic 'slot[Z].psu[X].configlist.store() ***MP5000 PSUs***' - 115223
HTML Template file '..\Templates\Templates\web help\topic.htm' not found in Media Object 16408.
Topic 'slot[Z].psu[X].configlist.table() ***MP5000 PSUs***' - 115226
HTML Template file '..\Templates\Templates\web help\topic.htm' not found in Media Object 16408.
Topic 'slot[Z].psu[X].defbufferY ***MP5000 PSUs***' - 107216
HTML Template file '..\Templates\Templates\web help\topic.htm' not found in Media Object 16408.
Topic 'slot[Z].psu[X].makebuffer() ***MP5000 PSUs***' - 107217
HTML Template file '..\Templates\Templates\web help\topic.htm' not found in Media Object 16408.
Topic 'slot[Z].psu[X].measure.aperture ***MP5000 PSUs***' - 107218
HTML Template file '..\Templates\Templates\web help\topic.htm' not found in Media Object 16408.
Topic 'slot[Z].psu[X].measure.count ***MP5000 PSUs***' - 107232
HTML Template file '..\Templates\Templates\web help\topic.htm' not found in Media Object 16408.
Topic 'slot[Z].psu[X].measure.nplc ***MP5000 PSUs***' - 107220
HTML Template file '..\Templates\Templates\web help\topic.htm' not found in Media Object 16408.
Topic 'slot[Z].psu[X].measure.overlappedY() ***MP5000 PSUs***' - 107227
HTML Template file '..\Templates\Templates\web help\topic.htm' not found in Media Object 16408.
Topic 'slot[Z].psu[X].measure.rangeY ***MP5000 PSUs***' - 107228
HTML Template file '..\Templates\Templates\web help\topic.htm' not found in Media Object 16408.
Topic 'slot[Z].psu[X].measure.rate ***MP5000 PSUs***' - 107825
HTML Template file '..\Templates\Templates\web help\topic.htm' not found in Media Object 16408.
Topic 'slot[Z].psu[X].measure.rel.enableY ***MP5000 PSUs***' - 107229
HTML Template file '..\Templates\Templates\web help\topic.htm' not found in Media Object 16408.
Topic 'slot[Z].psu[X].measure.rel.levelY ***MP5000 PSUs***' - 107230
HTML Template file '..\Templates\Templates\web help\topic.htm' not found in Media Object 16408.
Topic 'slot[Z].psu[X].measure.tempcomp ***MP5000 PSUs***' - 107627
HTML Template file '..\Templates\Templates\web help\topic.htm' not found in Media Object 16408.
Topic 'slot[Z].psu[X].measure.Y() ***MP5000 PSUs***' - 107231
HTML Template file '..\Templates\Templates\web help\topic.htm' not found in Media Object 16408.
Topic 'slot[Z].psu[X].overlapped ***MP5000 PSUs***' - 107235
HTML Template file '..\Templates\Templates\web help\topic.htm' not found in Media Object 16408.
Topic 'slot[Z].psu[X].reset() ***MP5000 PSUs***' - 107236
HTML Template file '..\Templates\Templates\web help\topic.htm' not found in Media Object 16408.
Topic 'slot[Z].psu[X].source.constantcurrent ***MP5000 PSUs***' - 107233
HTML Template file '..\Templates\Templates\web help\topic.htm' not found in Media Object 16408.
Topic 'slot[Z].psu[X].source.levelv ***MP5000 PSUs***' - 107237
HTML Template file '..\Templates\Templates\web help\topic.htm' not found in Media Object 16408.
Topic 'slot[Z].psu[X].source.limiti ***MP5000 PSUs***' - 107238
HTML Template file '..\Templates\Templates\web help\topic.htm' not found in Media Object 16408.
Topic 'slot[Z].psu[X].source.offmode' - 115934
HTML Template file '..\Templates\Templates\web help\topic.htm' not found in Media Object 16408.
Topic 'slot[Z].psu[X].source.output ***MP5000 PSUs***' - 107239
HTML Template file '..\Templates\Templates\web help\topic.htm' not found in Media Object 16408.
Topic 'slot[Z].psu[X].source.protect.enablei ***MP5000 PSUs***' - 109662
HTML Template file '..\Templates\Templates\web help\topic.htm' not found in Media Object 16408.
Topic 'slot[Z].psu[X].source.protect.enablev ***MP5000 PSUs***' - 109663
HTML Template file '..\Templates\Templates\web help\topic.htm' not found in Media Object 16408.
Topic 'slot[Z].psu[X].source.protect.leveli ***MP5000 PSUs***' - 107628
HTML Template file '..\Templates\Templates\web help\topic.htm' not found in Media Object 16408.
Topic 'slot[Z].psu[X].source.protect.levelv ***MP5000 PSUs***' - 107833
HTML Template file '..\Templates\Templates\web help\topic.htm' not found in Media Object 16408.
Topic 'slot[Z].psu[X].source.protect.trippedi ***MP5000 PSUs***' - 107828
HTML Template file '..\Templates\Templates\web help\topic.htm' not found in Media Object 16408.
Topic 'slot[Z].psu[X].source.protect.trippedv ***MP5000 PSUs***' - 107829
HTML Template file '..\Templates\Templates\web help\topic.htm' not found in Media Object 16408.
Topic 'slot[Z].psu[X].source.rangev ***MP5000 PSUs***' - 107240
HTML Template file '..\Templates\Templates\web help\topic.htm' not found in Media Object 16408.
Topic 'slot[Z].psu[X].source.slewratev ***MP5000 PSUs***' - 116988
HTML Template file '..\Templates\Templates\web help\topic.htm' not found in Media Object 16408.
Topic 'slot[Z].psu[X].trigger.measure.Y() ***MP5000 PSUs***' - 115818
HTML Template file '..\Templates\Templates\web help\topic.htm' not found in Media Object 16408.
Topic 'slot[Z].psu[X].trigger.source.linearY() ***MP5000 PSUs***' - 116450
HTML Template file '..\Templates\Templates\web help\topic.htm' not found in Media Object 16408.
Topic 'slot[Z].psu[X].trigger.source.listY() ***MP5000 PSUs***' - 115833
HTML Template file '..\Templates\Templates\web help\topic.htm' not found in Media Object 16408.
Topic 'slot[Z].psu[X].trigger.source.logY() ***MP5000 PSUs***' - 115834
HTML Template file '..\Templates\Templates\web help\topic.htm' not found in Media Object 16408.
Topic 'slot[Z].serialno ***MP5000 PSUs and SMUs***' - 107214
HTML Template file '..\Templates\Templates\web help\topic.htm' not found in Media Object 16408.
Topic 'slot[Z].trigger.model.abort() ***MP5000 PSUs and SMUs***' - 114956
HTML Template file '..\Templates\Templates\web help\topic.htm' not found in Media Object 16408.
Topic 'slot[Z].trigger.model.addblock.branch.always() ***MP5000 PSUs***' - 116478
HTML Template file '..\Templates\Templates\web help\topic.htm' not found in Media Object 16408.
Topic 'slot[Z].trigger.model.addblock.branch.counter() ***MP5000 PSUs***' - 116483
HTML Template file '..\Templates\Templates\web help\topic.htm' not found in Media Object 16408.
Topic 'slot[Z].trigger.model.addblock.branch.event() ***MP5000 PSUs***' - 116494
HTML Template file '..\Templates\Templates\web help\topic.htm' not found in Media Object 16408.
Topic 'slot[Z].trigger.model.addblock.branch.once() ***MP5000 PSUs and SMUs***' - 114964
HTML Template file '..\Templates\Templates\web help\topic.htm' not found in Media Object 16408.
Topic 'slot[Z].trigger.model.addblock.branch.onceexcluded() ***MP5000 SMUs***' - 114965
HTML Template file '..\Templates\Templates\web help\topic.htm' not found in Media Object 16408.
Topic 'slot[Z].trigger.model.addblock.configlist.next() ***MP5000 PSUs***' - 116507
HTML Template file '..\Templates\Templates\web help\topic.htm' not found in Media Object 16408.
Topic 'slot[Z].trigger.model.addblock.configlist.prev() ***MP5000 PSUs***' - 116519
HTML Template file '..\Templates\Templates\web help\topic.htm' not found in Media Object 16408.
Topic 'slot[Z].trigger.model.addblock.configlist.recall() ***MP5000 PSUs***' - 116618
HTML Template file '..\Templates\Templates\web help\topic.htm' not found in Media Object 16408.
Topic 'slot[Z].trigger.model.addblock.delay.constant() ***MP5000 PSUs***' - 116622
HTML Template file '..\Templates\Templates\web help\topic.htm' not found in Media Object 16408.
Topic 'slot[Z].trigger.model.addblock.logevent() ***MP5000 PSUs and SMUs***' - 115503
HTML Template file '..\Templates\Templates\web help\topic.htm' not found in Media Object 16408.
Topic 'slot[Z].trigger.model.addblock.measure() ***MP5000 PSUs***' - 116627
HTML Template file '..\Templates\Templates\web help\topic.htm' not found in Media Object 16408.
Topic 'slot[Z].trigger.model.addblock.nop() ***MP5000 PSUs***' - 116635
HTML Template file '..\Templates\Templates\web help\topic.htm' not found in Media Object 16408.
Topic 'slot[Z].trigger.model.addblock.notify() ***MP5000 PSUs***' - 116639
HTML Template file '..\Templates\Templates\web help\topic.htm' not found in Media Object 16408.
Topic 'slot[Z].trigger.model.addblock.reset.branch.counter() ***MP5000 PSUs***' - 116658
HTML Template file '..\Templates\Templates\web help\topic.htm' not found in Media Object 16408.
Topic 'slot[Z].trigger.model.addblock.source.action.bias() ***MP5000 PSUs***' - 117724
HTML Template file '..\Templates\Templates\web help\topic.htm' not found in Media Object 16408.
Topic 'slot[Z].trigger.model.addblock.source.action.skip()  ***MP5000 PSUs***' - 116643
HTML Template file '..\Templates\Templates\web help\topic.htm' not found in Media Object 16408.
Topic 'slot[Z].trigger.model.addblock.source.action.step() ***MP5000 PSUs***' - 116653
HTML Template file '..\Templates\Templates\web help\topic.htm' not found in Media Object 16408.
Topic 'slot[Z].trigger.model.addblock.source.output() ***MP5000 PSUs***' - 116648
HTML Template file '..\Templates\Templates\web help\topic.htm' not found in Media Object 16408.
Topic 'slot[Z].trigger.model.addblock.wait() ***MP5000 PSUs***' - 116657
HTML Template file '..\Templates\Templates\web help\topic.htm' not found in Media Object 16408.
Topic 'slot[Z].trigger.model.create() ***MP5000 PSUs***' - 116465
HTML Template file '..\Templates\Templates\web help\topic.htm' not found in Media Object 16408.
Topic 'slot[Z].trigger.model.delete() ***MP5000 PSUs and SMUs***' - 114958
HTML Template file '..\Templates\Templates\web help\topic.htm' not found in Media Object 16408.
Topic 'slot[Z].trigger.model.initiate() ***MP5000 PSUs***' - 116470
HTML Template file '..\Templates\Templates\web help\topic.htm' not found in Media Object 16408.
Topic 'slot[Z].trigger.model.removeblock() ***MP5000 PSUs***' - 116474
HTML Template file '..\Templates\Templates\web help\topic.htm' not found in Media Object 16408.
Topic 'slot[Z].version ***MP5000 PSUs and SMUs***' - 107215
HTML Template file '..\Templates\Templates\web help\topic.htm' not found in Media Object 16408.
Creating PlainHTML Pages (16 Second(s))
Hyperlink 'bufferVar.clear ***MP5000 PSU***' (115962)
Hyperlink 'bufferVar.clearcache ***MP5000 PSU***' (115963)
Hyperlink 'bufferVar.fillmode ***MP5000 PSUs***' (107550)
Hyperlink 'bufferVar.fillmode ***MP5000 PSUs***' (107550)
Hyperlink 'bufferVar.seconds' (116914)
Hyperlink 'bufferVar.fractionalseconds ***MP5000 PSUs***' (116915)
Hyperlink 'bufferVar.clear() ***MP5000 PSUs***' (115876)
Hyperlink 'bufferVar.timestamps ***MP5000 PSUs***' (115933)
Hyperlink 'bufferVar.clear() ***MP5000 PSUs***' (115876)
Hyperlink 'bufferVar.n ***MP5000 PSUs***' (116663)
Hyperlink 'bufferVar.readings ***MP5000 PSUs***' (116665)
Hyperlink 'bufferVar.statuses ***MP5000 PSUs***' (116664)
Hyperlink 'Reading buffers ***chap***' (96900)
Hyperlink 'Reading buffers ***chap***' - 96900 removed as not found in book table of contents
Hyperlink 'Reading buffers ***chap***' - 96900 removed as not found in book table of contents
Hyperlink 'slot[Z].firmware.verify() ***MP5000 PSUs***' (116666)
Hyperlink 'slot[Z].firmware.update ***MP5000 PSUs***' (107625)
Hyperlink 'slot[Z].firmware.update ***MP5000 PSUs***' (107625)
Hyperlink 'slot[Z].psu[X].measure.aperture ***MP5000 PSUs***' (107410)
Hyperlink 'slot[Z].psu[X].configlist.delete() ***MP5000 PSUs***' (115251)
Hyperlink 'slot[Z].psu[X].configlist.query() ***MP5000 PSUs***' (115252)
Hyperlink 'slot[Z].psu[X].configlist.recall() ***MP5000 PSUs***' (115253)
Hyperlink 'slot[Z].psu[X].configlist.size() ***MP5000 PSUs***' (115254)
Hyperlink 'slot[Z].psu[X].configlist.store() ***MP5000 PSUs***' (115255)
Hyperlink 'slot[Z].psu[X].configlist.table) ***MP5000 PSUs***' (115250)
Hyperlink 'slot[Z].psu[X].configlist.create() ***MP5000 PSUs***' (115259)
Hyperlink 'slot[Z].psu[X].configlist.create() ***MP5000 PSUs***' (115259)
Hyperlink 'slot[Z].psu[X].configlist.create() ***MP5000 PSUs***' (115259)
Hyperlink 'slot[Z].psu[X].configlist.store() ***MP5000 PSUs***' (115255)
Hyperlink 'slot[Z].psu[X].configlist.create() ***MP5000 PSUs***' (115259)
Hyperlink 'slot[Z].psu[X].configlist.create() ***MP5000 PSUs***' (115259)
Hyperlink 'slot[Z].psu[X].configlist.create() ***MP5000 PSUs***' (115259)
Hyperlink 'slot[Z].psu[X].defbufferY ***MP5000 PSUs***' (107408)
Hyperlink 'slot[Z].psu[X].measure.nplc ***MP5000 PSUs***' (107409)
Hyperlink 'slot[Z].psu[X].measure.rate ***MP5000 PSUs***' (107836)
Hyperlink 'slot[Z].psu[X].measure.overlappedY ***MP5000 PSUs***' (115928)
Hyperlink 'slot[Z].psu[X].measure.Y() ***MP5000 PSUs***' (107412)
Hyperlink 'slot[Z].psu[X].measure.aperture ***MP5000 PSUs***' (107410)
Hyperlink 'slot[Z].psu[X].measure.rate ***MP5000 PSUs***' (107836)
Hyperlink 'slot[Z].psu[X].defbufferY ***MP5000 PSUs***' (107408)
Hyperlink 'slot[Z].psu[X].measure.Y() ***MP5000 PSUs***' (107412)
Hyperlink 'slot[Z].psu[X].measure.aperture ***MP5000 PSUs***' (107826)
Hyperlink 'slot[Z].psu[X].measure.nplc ***MP5000 PSUs***' (107827)
Hyperlink 'slot[Z].psu[X].measure.rel.levelY ***MP5000 PSUs***' (107415)
Hyperlink 'slot[Z].psu[X].measure.rel.enableY ***MP5000 PSUs***' (107416)
File 'VARIABLE - NOTE' - 14261
Hyperlink 'slot[Z].psu[X].measure.rel.enableY ***MP5000 PSUs***' (107416)
Hyperlink 'slot[Z].psu[X].source.protect.enablev ***MP5000 PSUs***' (109669)
Hyperlink 'slot[Z].psu[X].source.protect.leveli ***MP5000 PSUs***' (107830)
Hyperlink 'slot[Z].psu[X].source.protect.levelv ***MP5000 PSUs***' (107835)
Hyperlink 'slot[Z].psu[X].source.protect.trippedi ***MP5000 PSUs***' (107834)
Hyperlink 'slot[Z].psu[X].source.protect.trippedv ***MP5000 PSUs***' (107832)
Hyperlink 'slot[Z].psu[X].source.protect.enablei ***MP5000 PSUs***' (109670)
Hyperlink 'slot[Z].psu[X].source.protect.leveli ***MP5000 PSUs***' (107830)
Hyperlink 'slot[Z].psu[X].source.protect.levelv ***MP5000 PSUs***' (107835)
Hyperlink 'slot[Z].psu[X].source.protect.trippedi ***MP5000 PSUs***' (107834)
Hyperlink 'slot[Z].psu[X].source.protect.trippedv ***MP5000 PSUs***' (107832)
Hyperlink 'slot[Z].psu[X].source.protect.levelv ***MP5000 PSUs***' (107835)
Hyperlink 'slot[Z].psu[X].source.protect.trippedi ***MP5000 PSUs***' (107834)
Hyperlink 'slot[Z].psu[X].source.protect.trippedv ***MP5000 PSUs***' (107832)
Hyperlink 'slot[Z].psu[X].source.protect.leveli ***MP5000 PSUs***' (107830)
Hyperlink 'slot[Z].psu[X].source.protect.trippedi ***MP5000 PSUs***' (107834)
Hyperlink 'slot[Z].psu[X].source.protect.trippedv ***MP5000 PSUs***' (107832)
Hyperlink 'slot[Z].psu[X].source.protect.leveli ***MP5000 PSUs***' (107830)
Hyperlink 'slot[Z].psu[X].source.protect.levelv ***MP5000 PSUs***' (107835)
Hyperlink 'slot[Z].psu[X].source.protect.trippedv ***MP5000 PSUs***' (107832)
Hyperlink 'slot[Z].psu[X].source.protect.leveli ***MP5000 PSUs***' (107830)
Hyperlink 'slot[Z].psu[X].source.protect.levelv ***MP5000 PSUs***' (107835)
Hyperlink 'slot[Z].psu[X].source.protect.trippedi ***MP5000 PSUs***' (107834)
Hyperlink 'slot[Z].trigger.model.addblock.measure() ***MP5000 PSUs***' (116760)
Hyperlink 'slot[Z].trigger.model.addblock.source.action.bias() ***MP5000 PSUs***' (117725)
Hyperlink 'slot[Z].trigger.model.addblock.source.action.skip()  ***MP5000 PSUs***' (116764)
Hyperlink 'slot[Z].trigger.model.addblock.source.action.step() ***MP5000 PSUs***' (116766)
Hyperlink 'slot[Z].trigger.model.addblock.source.action.skip()  ***MP5000 PSUs***' (116764)
Hyperlink 'slot[Z].trigger.model.addblock.source.action.step() ***MP5000 PSUs***' (116766)
Hyperlink 'slot[Z].trigger.model.addblock.source.action.skip()  ***MP5000 PSUs***' (116764)
Hyperlink 'slot[Z].trigger.model.addblock.source.action.step() ***MP5000 PSUs***' (116766)
Hyperlink 'slot[Z].trigger.model.initiate() ***MP5000 PSUs***' (116769)
Hyperlink 'slot[y].trigger.model.abort ***MP5000 PSUs and SMUs***' (114987)
Hyperlink 'slot[Z].trigger.model.addblock.nop() ***MP5000 PSUs***' (116762)
Hyperlink 'slot[Z].trigger.model.initiate() ***MP5000 PSUs***' (116769)
Hyperlink 'slot[Y].trigger.model.addblock.branchOnceExcluded() ***MP5000 PSUs and SMUs***' (115064)
Hyperlink 'slot[Y].trigger.model.addblock.branch.once() ***MP5000 PSUs and SMUs***' (115065)
Hyperlink 'slot[Z].trigger.model.addblock.branch.counter() ***MP5000 PSUs***' (116753)
Hyperlink 'slot[Z].psu[X].trigger.source.linearY() ***MP5000 PSUs***' (116748)
Hyperlink 'slot[Z].trigger.model.addblock.source.action.skip()  ***MP5000 PSUs***' (116764)
Hyperlink 'slot[Z].trigger.model.addblock.source.action.step() ***MP5000 PSUs***' (116766)
Hyperlink 'slot[Z].psu[X].trigger.source.linearY() ***MP5000 PSUs***' (116748)
Hyperlink 'slot[Z].trigger.model.addblock.source.action.bias() ***MP5000 PSUs***' (117725)
Hyperlink 'slot[Z].trigger.model.addblock.source.action.step() ***MP5000 PSUs***' (116766)
Hyperlink 'slot[Z].trigger.model.addblock.source.output() ***MP5000 PSUs***' (116765)
Hyperlink 'slot[Z].psu[X].trigger.source.linearY() ***MP5000 PSUs***' (116748)
Hyperlink 'slot[Z].trigger.model.addblock.source.action.bias() ***MP5000 PSUs***' (117725)
Hyperlink 'slot[Z].trigger.model.addblock.source.action.skip()  ***MP5000 PSUs***' (116764)
Hyperlink 'slot[Z].trigger.model.addblock.source.output() ***MP5000 PSUs***' (116765)
Hyperlink 'slot[y].trigger.model.delete() ***MP5000 PSUs and SMUs***' (114989)
Hyperlink 'slot[Z].trigger.model.create() ***MP5000 PSUs***' (116768)
Hyperlink 'slot[y].trigger.model.abort ***MP5000 PSUs and SMUs***' (114987)
Adding Hyperlinks and Graphics (8 Second(s))
Converting Files (< 1 Second)
Creating Stylesheet (< 1 Second)
This book contained 46 Objects that aren't localized.
Style Object 'Related Heading' (111) not localized.
Style Object 'Related Item' (115) not localized.
Table of Contents Object 'KI DHTML Table of Contents' (55) not localized.
Media Object 'Other Section' (36) not localized.
Media Object 'Normal Section' (44) not localized.
Media Object 'Eclipse Help' (16408) not localized.
Media Object 'Contents Section' (37) not localized.
Style Object 'Body Text' (4) not localized.
File Object 'Next Icon' (124) not localized.
File Object 'Contents Icon' (122) not localized.
File Object 'Previous Icon' (125) not localized.
File Object 'Contents Icon' (59380) not localized.
Style Object 'Heading 2 - ICL' (3209) not localized.
Style Object 'Body Zero' (15324) not localized.
Style Object 'Table Heading White Text' (17784) not localized.
Style Object 'Table Body Text Small' (7541) not localized.
Style Object 'ICL Subheading' (13878) not localized.
Style Object 'ICL Code' (13880) not localized.
Style Object 'ICL Spacing' (13904) not localized.
Style Object 'Code Table' (2603) not localized.
Style Object 'Table Body Text' (25) not localized.
Style Object 'Table List Bullet 9 pt' (33820) not localized.
Style Object 'ICL Body' (13879) not localized.
Style Object 'List Command' (19532) not localized.
Style Object 'Monospace Italic' (13825) not localized.
Style Object 'Monospace' (20) not localized.
Style Object 'Table Heading' (26) not localized.
Style Object 'Grayed Out' (13845) not localized.
Style Object 'List Bullet' (13) not localized.
Style Object 'Special Bold' (24) not localized.
Style Object 'Emphasis' (7) not localized.
Style Object 'Note' (21) not localized.
File Object 'VARIABLE - NOTE' (14261) not localized.
Style Object 'Heading 1' (8) not localized.
Style Object 'Heading 2' (9) not localized.
Style Object 'Heading 3' (10) not localized.
Style Object 'Heading 4' (86) not localized.
Style Object 'Heading 5' (87) not localized.
Style Object 'Heading 6' (88) not localized.
Style Object 'Index A to Z' (146) not localized.
Style Object 'Index Heading' (143) not localized.
Style Object 'Index 1' (139) not localized.
Style Object 'Index 2' (140) not localized.
Style Object 'Index 3' (141) not localized.
Style Object 'Index Link' (142) not localized.
Style Object 'TOC' (27) not localized.
Publishing finish (Finished 8:45:46 PM)
SendJobStatusEmail: Start
SendJobStatusEmail email sent
SendJobStatusEmail: Finish
