Get Available License
J/w1xLP1SDn1yEmMalEh1FqpAvooNiq1WXgWzGaEjsw9dW3rI9WXjAtaFNXYuC9VEYUUFslUI6SW/By8Vbwb8mU2QmY5mi37a+/+e4ZUgLZqMPWuAWYDu27QsH6itn7GQ74IH75bSUExO9fesOvGJv4Wn9ndcZ4rEbMsTDuQ12E9JV74qmZAx3FeN1s+hVPnh5YYBJpRZLn1Uth7g4iRBlFAbKg9I6O6sJtf0vhZcX2ngzrHp+Yde/Ox8oluQX/A4tRXjCYy28EDqQGElFqiX9PzuX9jL8yOP1hTGMnEMSn2Hnd9r4/s+zDwcWb8EfoisBHWN3k/FRmMp9JmVETxk++GREmAafSo1PKWcYqvNZdfx1kI/Nrq/tV44fprm6x5dDGlsXZy6EoedPTXFZ0W4eYtCKCGPCiOcdfAqBCAe4rDon6dDWXUaj6BklRAPZJWBaFCfGSm8sWYS636Ye4j3CJ/GhnvE7DvrhBZWRj9/4iqc8QlgLOeia+ntDKTamTTcDTq2+ZBC3n/a7xQnbByFfSQlcAFFTPIljbHbhL9aRzYQ2Wj1serTjYvOBFCs6AGcrsKhdVsfNZjSTE0BCauA+QktLrJOq8uxT6tH6M3j2BYnPjTh5c5ati2pIm22GAm0SAcO2cyzaAOCr+qzJMdXn14rqahY+odD3iBP5IirH60VEe7T+utGHmnE1eDM+UB+xj7FrIXKUtK3+DIErF+BJij7MsxSS/XBQ6LKIWWr0pxsxqlcIwHqhsKc65NCazNAdsWE+YTmTcEaNhHdoO0eg==
Publishing 'TriggerModel_RM_TSP_commands (132075)' to PlainHTML (43289) (Started 8:23:15 PM)
Variant-settings used for publishing:
[Page_Size]='US Letter (8.5x11)'
Loading variables (8:23:15 PM)
Checking Release States (8:23:15 PM)
Creating output folder
Load book contents (8:23:15 PM)
Load related groups (8:23:15 PM)
Loading Book (< 1 Second)
Start publishing content (8:23:16 PM)
Determining PlainHTML filenames (< 1 Second)
The file 'ait-us1c1\1\k\keithley\CompanyShare\Templates\Templates\plain html\topic.gif' was not found in folder "\\ait-us1c1smb\clients$\ait-us1c1\1\k\keithley\CompanyShare\Templates\Templates\plain html".
The file 'ait-us1c1\1\k\keithley\CompanyShare\Templates\Templates\plain html\cbook.gif' was not found in folder "\\ait-us1c1smb\clients$\ait-us1c1\1\k\keithley\CompanyShare\Templates\Templates\plain html".
The file 'ait-us1c1\1\k\keithley\CompanyShare\Templates\Templates\plain html\obook.gif' was not found in folder "\\ait-us1c1smb\clients$\ait-us1c1\1\k\keithley\CompanyShare\Templates\Templates\plain html".
The file 'ait-us1c1\1\k\keithley\CompanyShare\Templates\Templates\plain html\plus.gif' was not found in folder "\\ait-us1c1smb\clients$\ait-us1c1\1\k\keithley\CompanyShare\Templates\Templates\plain html".
The file 'ait-us1c1\1\k\keithley\CompanyShare\Templates\Templates\plain html\minus.gif' was not found in folder "\\ait-us1c1smb\clients$\ait-us1c1\1\k\keithley\CompanyShare\Templates\Templates\plain html".
The file 'ait-us1c1\1\k\keithley\CompanyShare\Templates\Templates\plain html\space.gif' was not found in folder "\\ait-us1c1smb\clients$\ait-us1c1\1\k\keithley\CompanyShare\Templates\Templates\plain html".
HTML Template file '..\Templates\Templates\web help\topic.htm' not found in Media Object 37.
Creating Table of Contents (< 1 Second)
Topic 'TSP command reference ***chap***' - 18079
HTML Template file '..\Templates\Templates\web help\topic.htm' not found in Media Object 36.
File 'Next Icon' - 124
File 'Contents Icon' - 122
Topic 'MP5000 trigger model commands' - 132065
HTML Template file '..\Templates\Templates\web help\topic.htm' not found in Media Object 44.
File 'Previous Icon' - 125
File 'Contents Icon' - 59380
Topic 'slot[Z].trigger.model.abort() ***MP5000 TM commands***' - 114956
HTML Template file '..\Templates\Templates\web help\topic.htm' not found in Media Object 16408.
Topic 'slot[Z].trigger.model.addblock.branch.always() ***MP5000 TM commands***' - 114960
HTML Template file '..\Templates\Templates\web help\topic.htm' not found in Media Object 16408.
Topic 'slot[Z].trigger.model.addblock.branch.counter() ***MP5000 TM commands***' - 114961
HTML Template file '..\Templates\Templates\web help\topic.htm' not found in Media Object 16408.
Topic 'slot[Z].trigger.model.addblock.branch.event() ***MP5000 TM commands***' - 114966
HTML Template file '..\Templates\Templates\web help\topic.htm' not found in Media Object 16408.
Topic 'slot[Z].trigger.model.addblock.branch.once() ***MP5000 TM commands***' - 114964
HTML Template file '..\Templates\Templates\web help\topic.htm' not found in Media Object 16408.
Topic 'slot[Z].trigger.model.addblock.branch.onceexcluded() ***MP5000 TM commands***' - 114965
HTML Template file '..\Templates\Templates\web help\topic.htm' not found in Media Object 16408.
Topic 'slot[Z].trigger.model.addblock.configlist.next() ***MP5000 TM commands***' - 115499
HTML Template file '..\Templates\Templates\web help\topic.htm' not found in Media Object 16408.
Topic 'slot[Z].trigger.model.addblock.configlist.prev() ***MP5000 TM commands***' - 115500
HTML Template file '..\Templates\Templates\web help\topic.htm' not found in Media Object 16408.
Topic 'slot[Z].trigger.model.addblock.configlist.recall() ***MP5000 TM commands***' - 115501
HTML Template file '..\Templates\Templates\web help\topic.htm' not found in Media Object 16408.
Topic 'slot[Z].trigger.model.addblock.delay.constant() ***MP5000 TM commands***' - 114967
HTML Template file '..\Templates\Templates\web help\topic.htm' not found in Media Object 16408.
Topic 'slot[Z].trigger.model.addblock.logevent() ***MP5000 TM commands***' - 115503
HTML Template file '..\Templates\Templates\web help\topic.htm' not found in Media Object 16408.
Topic 'slot[Z].trigger.model.addblock.measure() ***MP5000 TM commands***' - 114968
HTML Template file '..\Templates\Templates\web help\topic.htm' not found in Media Object 16408.
Topic 'slot[Z].trigger.model.addblock.measureoverlapped() ***MP5000 TM commands SMU only***' - 114969
HTML Template file '..\Templates\Templates\web help\topic.htm' not found in Media Object 16408.
Topic 'slot[Z].trigger.model.addblock.nop() ***MP5000 TM commands***' - 114970
HTML Template file '..\Templates\Templates\web help\topic.htm' not found in Media Object 16408.
Topic 'slot[Z].trigger.model.addblock.notify() ***MP5000 TM commands***' - 114971
HTML Template file '..\Templates\Templates\web help\topic.htm' not found in Media Object 16408.
Topic 'slot[Z].trigger.model.addblock.reset.branch.counter() ***MP5000 TM commands***' - 114972
HTML Template file '..\Templates\Templates\web help\topic.htm' not found in Media Object 16408.
Topic 'slot[Z].trigger.model.addblock.source.action.bias() ***MP5000 TM commands***' - 115504
HTML Template file '..\Templates\Templates\web help\topic.htm' not found in Media Object 16408.
Topic 'slot[Z].trigger.model.addblock.source.action.set() ***MP5000 TM commands***' - 132966
HTML Template file '..\Templates\Templates\web help\topic.htm' not found in Media Object 16408.
Topic 'slot[Z].trigger.model.addblock.source.action.skip()  ***MP5000 TM commands***' - 115827
HTML Template file '..\Templates\Templates\web help\topic.htm' not found in Media Object 16408.
Topic 'slot[Z].trigger.model.addblock.source.action.step() ***MP5000 TM commands***' - 114973
HTML Template file '..\Templates\Templates\web help\topic.htm' not found in Media Object 16408.
Topic 'slot[Z].trigger.model.addblock.source.output() ***MP5000 TM commands***' - 114974
HTML Template file '..\Templates\Templates\web help\topic.htm' not found in Media Object 16408.
Topic 'slot[Z].trigger.model.addblock.wait() ***MP5000 TM commands***' - 114975
HTML Template file '..\Templates\Templates\web help\topic.htm' not found in Media Object 16408.
Topic 'slot[Z].trigger.model.create() ***MP5000 TM commands***' - 114957
HTML Template file '..\Templates\Templates\web help\topic.htm' not found in Media Object 16408.
Topic 'slot[Z].trigger.model.delete() ***MP5000 TM commands***' - 114958
HTML Template file '..\Templates\Templates\web help\topic.htm' not found in Media Object 16408.
Topic 'slot[Z].trigger.model.EVENT_NOTIFYN ***MP5000 TM commands***' - 118323
HTML Template file '..\Templates\Templates\web help\topic.htm' not found in Media Object 16408.
Topic 'slot[Z].trigger.model.initiate() ***MP5000 TM commands***' - 114959
HTML Template file '..\Templates\Templates\web help\topic.htm' not found in Media Object 16408.
Topic 'slot[Z].trigger.model.removeblock() ***MP5000 TM commands***' - 115826
HTML Template file '..\Templates\Templates\web help\topic.htm' not found in Media Object 16408.
Topic 'slot[Z].trigger.model.state() ***MP5000 TM commands***' - 115506
HTML Template file '..\Templates\Templates\web help\topic.htm' not found in Media Object 16408.
Creating PlainHTML Pages (9 Second(s))
Hyperlink 'slot[Z].trigger.model.initiate() ***MP5000 PSUs***' (116769)
Hyperlink 'slot[Z].trigger.model.initiate() ***MP5000 PSUs***' - 116769 removed as not found in book table of contents
File 'Branch always example diagram' - 132079
Hyperlink 'slot[y].trigger.model.abort ***MP5000 PSUs and SMUs***' (114987)
Hyperlink 'slot[Z].trigger.model.initiate() ***MP5000 PSUs and SMUs***' (114988)
File 'Branch counter diagram' - 132080
Hyperlink 'digio.trigger[N].EVENT_ID' (116679)
Hyperlink 'digio.trigger[N].EVENT_ID' - 116679 removed as not found in book table of contents
Hyperlink 'slot[Z].smu[X].trigger.EVENT_AT_LIMIT ***SMUs***' (118327)
Hyperlink 'slot[Z].smu[X].trigger.EVENT_AT_LIMIT ***SMUs***' - 118327 removed as not found in book table of contents
Hyperlink 'slot[Z].trigger.model.EVENT_NOTIFYN Z ***SMUs***' (118325)
Hyperlink 'trigger.generator[N].EVENT_ID' (116380)
Hyperlink 'trigger.generator[N].EVENT_ID' - 116380 removed as not found in book table of contents
Hyperlink 'trigger.timer[N].EVENT_ID' (117264)
Hyperlink 'trigger.timer[N].EVENT_ID' - 117264 removed as not found in book table of contents
Hyperlink 'tsplink.trigger[N].EVENT_ID' (15313)
Hyperlink 'tsplink.trigger[N].EVENT_ID' - 15313 removed as not found in book table of contents
File 'MP5000_TriggerModel_BranchEvent' - 133324
Hyperlink 'On event block' (118141)
Hyperlink 'On event block' - 118141 removed as not found in book table of contents
File 'MP5000_TriggerModel_BranchOnce' - 133325
Hyperlink 'Once block' (117864)
Hyperlink 'Once block' - 117864 removed as not found in book table of contents
Hyperlink 'slot[Y].trigger.model.addblock.branchOnceExcluded() ***MP5000 PSUs and SMUs***' (115064)
File 'Branch once excluded diagram' - 132081
Hyperlink 'Once excluded block' (118143)
Hyperlink 'Once excluded block' - 118143 removed as not found in book table of contents
Hyperlink 'slot[Y].trigger.model.addblock.branch.once() ***MP5000 PSUs and SMUs***' (115065)
File 'MP5000_TriggerModel_ConfiglistNext.png' - 133331
Hyperlink 'Config list next block' (118136)
Hyperlink 'Config list next block' - 118136 removed as not found in book table of contents
Hyperlink 'slot[Z].trigger.model.addblock.configlist.prev() ***MP5000 SMUs***' (116801)
Hyperlink 'slot[Z].trigger.model.addblock.configlist.recall() ***MP5000 SMUs***' (116802)
File 'MP5000_TriggerModel_ConfiglistPrev' - 133332
Hyperlink 'Config list prev block' (118137)
Hyperlink 'Config list prev block' - 118137 removed as not found in book table of contents
Hyperlink 'slot[Z].trigger.model.addblock.configlist.next() ***MP5000 SMUs***' (116800)
Hyperlink 'slot[Z].trigger.model.addblock.configlist.recall() ***MP5000 SMUs***' (116802)
File 'MP5000_TriggerModel_ConfiglistRecall.png' - 133349
Hyperlink 'Config list recall block' (118138)
Hyperlink 'Config list recall block' - 118138 removed as not found in book table of contents
Hyperlink 'slot[Z].trigger.model.addblock.configlist.next() ***MP5000 SMUs***' (116800)
Hyperlink 'slot[Z].trigger.model.addblock.configlist.prev() ***MP5000 SMUs***' (116801)
Hyperlink 'slot[Z].psu[X].configlist.create() ***MP5000 PSUs***' (115259)
Hyperlink 'slot[Z].psu[X].configlist.create() ***MP5000 PSUs***' - 115259 removed as not found in book table of contents
Hyperlink 'slot[Z].smu[X].configlist.create() ***MP5000 SMUs***' (115260)
Hyperlink 'slot[Z].smu[X].configlist.create() ***MP5000 SMUs***' - 115260 removed as not found in book table of contents
Hyperlink 'slot[Z].psu[X].configlist.delete() ***MP5000 PSUs***' (115251)
Hyperlink 'slot[Z].psu[X].configlist.delete() ***MP5000 PSUs***' - 115251 removed as not found in book table of contents
Hyperlink 'slot[Z].smu[X].configlist.delete() ***MP5000 SMUs***' (115243)
Hyperlink 'slot[Z].smu[X].configlist.delete() ***MP5000 SMUs***' - 115243 removed as not found in book table of contents
Hyperlink 'slot[Z].psu[X].configlist.recall() ***MP5000 PSUs***' (115253)
Hyperlink 'slot[Z].psu[X].configlist.recall() ***MP5000 PSUs***' - 115253 removed as not found in book table of contents
Hyperlink 'slot[Z].smu[X].configlist.recall() ***MP5000 SMUs***' (115245)
Hyperlink 'slot[Z].smu[X].configlist.recall() ***MP5000 SMUs***' - 115245 removed as not found in book table of contents
Hyperlink 'slot[Z].psu[X].configlist.size() ***MP5000 PSUs***' (115254)
Hyperlink 'slot[Z].psu[X].configlist.size() ***MP5000 PSUs***' - 115254 removed as not found in book table of contents
Hyperlink 'slot[Z].smu[X].configlist.size() ***MP5000 SMUs***' (115246)
Hyperlink 'slot[Z].smu[X].configlist.size() ***MP5000 SMUs***' - 115246 removed as not found in book table of contents
Hyperlink 'slot[Z].psu[X].configlist.store() ***MP5000 PSUs***' (115255)
Hyperlink 'slot[Z].psu[X].configlist.store() ***MP5000 PSUs***' - 115255 removed as not found in book table of contents
Hyperlink 'slot[Z].smu[X].configlist.store() ***MP5000 SMUs***' (115247)
Hyperlink 'slot[Z].smu[X].configlist.store() ***MP5000 SMUs***' - 115247 removed as not found in book table of contents
Hyperlink 'slot[Z].psu[X].configlist.table) ***MP5000 PSUs***' (115250)
Hyperlink 'slot[Z].psu[X].configlist.table) ***MP5000 PSUs***' - 115250 removed as not found in book table of contents
Hyperlink 'slot[Z].smu[X].configlist.table() ***MP5000 SMUs***' (115242)
Hyperlink 'slot[Z].smu[X].configlist.table() ***MP5000 SMUs***' - 115242 removed as not found in book table of contents
File 'MP5000_TriggerModel_DelayConstant.png' - 133334
File 'MP5000_TriggerModel_Logevent.png' - 133330
Hyperlink 'Log event block' (118139)
Hyperlink 'Log event block' - 118139 removed as not found in book table of contents
Hyperlink 'slot[Z].psu[X].measure.count ***MP5000 PSUs***' (116735)
Hyperlink 'slot[Z].psu[X].measure.count ***MP5000 PSUs***' - 116735 removed as not found in book table of contents
Hyperlink 'slot[Z].smu[X].measure.count ***MP5000 SMUs***' (111547)
Hyperlink 'slot[Z].smu[X].measure.count ***MP5000 SMUs***' - 111547 removed as not found in book table of contents
File 'MP5000_TriggerModel_Measure' - 133335
Hyperlink 'Measure block' (118126)
Hyperlink 'Measure block' - 118126 removed as not found in book table of contents
File 'MP5000_TriggerModel_MeasureOverlapped' - 133336
Hyperlink 'Measure overlapped block' (118128)
Hyperlink 'Measure overlapped block' - 118128 removed as not found in book table of contents
Hyperlink 'slot[Z].smu[X].source.autorangeY ***MP5000 SMUs***' (111053)
Hyperlink 'slot[Z].smu[X].source.autorangeY ***MP5000 SMUs***' - 111053 removed as not found in book table of contents
Hyperlink 'slot[Z].smu[X].source.limitnY ***MP5000 SMUs***' (110857)
Hyperlink 'slot[Z].smu[X].source.limitnY ***MP5000 SMUs***' - 110857 removed as not found in book table of contents
Hyperlink 'slot[Z].smu[X].source.limitpY ***MP5000 SMUs***' (110855)
Hyperlink 'slot[Z].smu[X].source.limitpY ***MP5000 SMUs***' - 110855 removed as not found in book table of contents
Hyperlink 'slot[Z].smu[X].source.limitY ***MP5000 SMUs***' (110856)
Hyperlink 'slot[Z].smu[X].source.limitY ***MP5000 SMUs***' - 110856 removed as not found in book table of contents
File 'MP5000_TriggerModel_NOP.png' - 133337
Hyperlink 'No output block' (118146)
Hyperlink 'No output block' - 118146 removed as not found in book table of contents
File 'Notify diagram' - 132082
Hyperlink 'Notify blocks' (118368)
Hyperlink 'Notify blocks' - 118368 removed as not found in book table of contents
Hyperlink 'slot[Z].trigger.model.EVENT_NOTIFYN Z ***SMUs***' (118325)
File 'MP5000_TriggerModel_ResetBranchCounter.png' - 133338
Hyperlink 'Reset branch count block' (118142)
Hyperlink 'Reset branch count block' - 118142 removed as not found in book table of contents
Hyperlink 'slot[Z].trigger.model.addblock.branch.counter() ***MP5000 PSUs and SMUs***' (115837)
Hyperlink 'slot[Z].trigger.model.addblock.source.action.step() ***MP5000 SMUs***' (116807)
File 'MP5000_TriggerModel_SourceActionBias' - 133339
Hyperlink 'slot[Z].trigger.model.addblock.source.action.skip()  ***MP5000 SMUs***' (116898)
Hyperlink 'slot[Z].trigger.model.addblock.source.action.step() ***MP5000 SMUs***' (116807)
Hyperlink 'Source action bias block' (118134)
Hyperlink 'Source action bias block' - 118134 removed as not found in book table of contents
Hyperlink 'slot[Z].psu[X].trigger.source.linearY() ***MP5000 PSUs***' (116748)
Hyperlink 'slot[Z].psu[X].trigger.source.linearY() ***MP5000 PSUs***' - 116748 removed as not found in book table of contents
Hyperlink 'slot[Z].smu[X].trigger.source.linearY() ***MP5000 SMUs***' (116794)
Hyperlink 'slot[Z].smu[X].trigger.source.linearY() ***MP5000 SMUs***' - 116794 removed as not found in book table of contents
Hyperlink 'slot[Z].psu[X].trigger.source.listY() ***MP5000 PSUs***' (116749)
Hyperlink 'slot[Z].psu[X].trigger.source.listY() ***MP5000 PSUs***' - 116749 removed as not found in book table of contents
Hyperlink 'slot[Z].smu[X].trigger.source.listY() ***MP5000 SMUs***' (116795)
Hyperlink 'slot[Z].smu[X].trigger.source.listY() ***MP5000 SMUs***' - 116795 removed as not found in book table of contents
Hyperlink 'slot[Z].psu[X].trigger.source.logY() ***MP5000 PSUs***' (116750)
Hyperlink 'slot[Z].psu[X].trigger.source.logY() ***MP5000 PSUs***' - 116750 removed as not found in book table of contents
Hyperlink 'slot[Z].smu[X].trigger.source.logY() ***MP5000 SMUs***' (116796)
Hyperlink 'slot[Z].smu[X].trigger.source.logY() ***MP5000 SMUs***' - 116796 removed as not found in book table of contents
File 'MP5000_TriggerModel_SourceActionSet.png' - 133340
Hyperlink 'slot[Z].trigger.model.addblock.source.action.bias() ***MP5000 SMUs***' (116806)
Hyperlink 'slot[Z].trigger.model.addblock.source.action.skip()  ***MP5000 SMUs***' (116898)
Hyperlink 'slot[Z].trigger.model.addblock.source.action.step() ***MP5000 SMUs***' (116807)
Hyperlink 'Source action set block' (132968)
Hyperlink 'Source action set block' - 132968 removed as not found in book table of contents
Hyperlink 'slot[Z].psu[X].trigger.source.linearY() ***MP5000 PSUs***' (116748)
Hyperlink 'slot[Z].psu[X].trigger.source.linearY() ***MP5000 PSUs***' - 116748 removed as not found in book table of contents
Hyperlink 'slot[Z].psu[X].trigger.source.listY() ***MP5000 PSUs***' (116749)
Hyperlink 'slot[Z].psu[X].trigger.source.listY() ***MP5000 PSUs***' - 116749 removed as not found in book table of contents
Hyperlink 'slot[Z].psu[X].trigger.source.logY() ***MP5000 PSUs***' (116750)
Hyperlink 'slot[Z].psu[X].trigger.source.logY() ***MP5000 PSUs***' - 116750 removed as not found in book table of contents
Hyperlink 'slot[Z].smu[X].trigger.source.linearY() ***MP5000 SMUs***' (116794)
Hyperlink 'slot[Z].smu[X].trigger.source.linearY() ***MP5000 SMUs***' - 116794 removed as not found in book table of contents
Hyperlink 'slot[Z].smu[X].trigger.source.listY() ***MP5000 SMUs***' (116795)
Hyperlink 'slot[Z].smu[X].trigger.source.listY() ***MP5000 SMUs***' - 116795 removed as not found in book table of contents
Hyperlink 'slot[Z].smu[X].trigger.source.logY() ***MP5000 SMUs***' (116796)
Hyperlink 'slot[Z].smu[X].trigger.source.logY() ***MP5000 SMUs***' - 116796 removed as not found in book table of contents
File 'MP5000_TriggerModel_SourceActionSkip.png' - 133341
Hyperlink 'slot[Z].trigger.model.addblock.source.action.bias() ***MP5000 SMUs***' (116806)
Hyperlink 'slot[Z].trigger.model.addblock.source.action.step() ***MP5000 SMUs***' (116807)
Hyperlink 'slot[Z].trigger.model.addblock.source.output() ***MP5000 PSUs and SMUs***' (115831)
Hyperlink 'Source action skip block' (118135)
Hyperlink 'Source action skip block' - 118135 removed as not found in book table of contents
Hyperlink 'slot[Z].psu[X].trigger.source.linearY() ***MP5000 PSUs***' (116748)
Hyperlink 'slot[Z].psu[X].trigger.source.linearY() ***MP5000 PSUs***' - 116748 removed as not found in book table of contents
Hyperlink 'slot[Z].smu[X].trigger.source.linearY() ***MP5000 SMUs***' (116794)
Hyperlink 'slot[Z].smu[X].trigger.source.linearY() ***MP5000 SMUs***' - 116794 removed as not found in book table of contents
Hyperlink 'slot[Z].psu[X].trigger.source.listY() ***MP5000 PSUs***' (116749)
Hyperlink 'slot[Z].psu[X].trigger.source.listY() ***MP5000 PSUs***' - 116749 removed as not found in book table of contents
Hyperlink 'slot[Z].smu[X].trigger.source.listY() ***MP5000 SMUs***' (116795)
Hyperlink 'slot[Z].smu[X].trigger.source.listY() ***MP5000 SMUs***' - 116795 removed as not found in book table of contents
Hyperlink 'slot[Z].psu[X].trigger.source.logY() ***MP5000 PSUs***' (116750)
Hyperlink 'slot[Z].psu[X].trigger.source.logY() ***MP5000 PSUs***' - 116750 removed as not found in book table of contents
Hyperlink 'slot[Z].smu[X].trigger.source.logY() ***MP5000 SMUs***' (116796)
Hyperlink 'slot[Z].smu[X].trigger.source.logY() ***MP5000 SMUs***' - 116796 removed as not found in book table of contents
Hyperlink 'slot[Z].trigger.model.addblock.source.action.bias() ***MP5000 SMUs***' (116806)
File 'MP5000_TriggerModel_SourceActionStep.png' - 133342
Hyperlink 'slot[Z].trigger.model.addblock.source.action.bias() ***MP5000 SMUs***' (116806)
Hyperlink 'slot[Z].trigger.model.addblock.source.action.skip()  ***MP5000 SMUs***' (116898)
Hyperlink 'Source action step block' (118132)
Hyperlink 'Source action step block' - 118132 removed as not found in book table of contents
Hyperlink 'slot[Z].psu[X].trigger.source.linearY() ***MP5000 PSUs***' (116748)
Hyperlink 'slot[Z].psu[X].trigger.source.linearY() ***MP5000 PSUs***' - 116748 removed as not found in book table of contents
Hyperlink 'slot[Z].smu[X].trigger.source.linearY() ***MP5000 SMUs***' (116794)
Hyperlink 'slot[Z].smu[X].trigger.source.linearY() ***MP5000 SMUs***' - 116794 removed as not found in book table of contents
Hyperlink 'slot[Z].psu[X].trigger.source.listY() ***MP5000 PSUs***' (116749)
Hyperlink 'slot[Z].psu[X].trigger.source.listY() ***MP5000 PSUs***' - 116749 removed as not found in book table of contents
Hyperlink 'slot[Z].smu[X].trigger.source.listY() ***MP5000 SMUs***' (116795)
Hyperlink 'slot[Z].smu[X].trigger.source.listY() ***MP5000 SMUs***' - 116795 removed as not found in book table of contents
Hyperlink 'slot[Z].psu[X].trigger.source.logY() ***MP5000 PSUs***' (116750)
Hyperlink 'slot[Z].psu[X].trigger.source.logY() ***MP5000 PSUs***' - 116750 removed as not found in book table of contents
Hyperlink 'slot[Z].smu[X].trigger.source.logY() ***MP5000 SMUs***' (116796)
Hyperlink 'slot[Z].smu[X].trigger.source.logY() ***MP5000 SMUs***' - 116796 removed as not found in book table of contents
Hyperlink 'slot[Z].trigger.model.addblock.source.action.step() ***MP5000 SMUs***' (116807)
Hyperlink 'slot[Z].trigger.model.addblock.source.action.bias() ***MP5000 SMUs***' (116806)
File 'MP5000_TriggerModel_SourceOutput.png' - 133343
Hyperlink 'Source output block' (118133)
Hyperlink 'Source output block' - 118133 removed as not found in book table of contents
Hyperlink 'digio.trigger[N].EVENT_ID' (116679)
Hyperlink 'digio.trigger[N].EVENT_ID' - 116679 removed as not found in book table of contents
Hyperlink 'slot[Z].smu[X].trigger.EVENT_AT_LIMIT ***SMUs***' (118327)
Hyperlink 'slot[Z].smu[X].trigger.EVENT_AT_LIMIT ***SMUs***' - 118327 removed as not found in book table of contents
Hyperlink 'slot[Z].trigger.model.EVENT_NOTIFYN Z ***SMUs***' (118325)
Hyperlink 'trigger.generator[N].EVENT_ID' (116380)
Hyperlink 'trigger.generator[N].EVENT_ID' - 116380 removed as not found in book table of contents
Hyperlink 'trigger.timer[N].EVENT_ID' (117264)
Hyperlink 'trigger.timer[N].EVENT_ID' - 117264 removed as not found in book table of contents
Hyperlink 'tsplink.trigger[N].EVENT_ID' (15313)
Hyperlink 'tsplink.trigger[N].EVENT_ID' - 15313 removed as not found in book table of contents
File 'MP5000_TriggerModel_Wait.png' - 133344
Hyperlink 'Wait block' (118124)
Hyperlink 'Wait block' - 118124 removed as not found in book table of contents
File 'MP5000_TriggerModel_Create' - 133345
Hyperlink 'slot[y].trigger.model.delete() ***MP5000 PSUs and SMUs***' (114989)
Hyperlink 'slot[Z].trigger.model.initiate() ***MP5000 TM commands***' (132960)
Hyperlink 'slot[Z].trigger.model.create() ***MP5000 PSUs***' (116768)
Hyperlink 'slot[Z].trigger.model.create() ***MP5000 PSUs***' - 116768 removed as not found in book table of contents
Hyperlink 'slot[Z].trigger.model.initiate() ***MP5000 TM commands***' (132960)
Hyperlink 'slot[Z].trigger.model.removeblock() ***MP5000 SMUs***' (116809)
File 'MP5000_TriggerModel_NotifyN' - 133346
Hyperlink 'Notify blocks' (118368)
Hyperlink 'Notify blocks' - 118368 removed as not found in book table of contents
Hyperlink 'slot[Z].trigger.model.addblock.notify() ***MP5000 SMUs***' (116805)
Hyperlink 'waitcomplete()' (116243)
Hyperlink 'waitcomplete()' - 116243 removed as not found in book table of contents
Hyperlink 'slot[Z].trigger.model.abort() ***MP5000 TM commands***' (132961)
File 'MP5000_TriggerModel_Initiate.png' - 133347
Hyperlink 'slot[y].trigger.model.abort ***MP5000 PSUs and SMUs***' (114987)
File 'MP5000_TriggerModel_Removeblock.png' - 133348
Hyperlink 'slot[y].trigger.model.create() ***MP5000 PSUs and SMUs***' (114990)
Hyperlink 'slot[y].trigger.model.delete() ***MP5000 PSUs and SMUs***' (114989)
Hyperlink 'slot[Z].trigger.model.initiate() ***MP5000 TM commands***' (132960)
Hyperlink 'slot[Z].trigger.model.abort() ***MP5000 TM commands***' (132961)
Hyperlink 'slot[Z].trigger.model.initiate() ***MP5000 TM commands***' (132960)
Adding Hyperlinks and Graphics (5 Second(s))
Converting Files (< 1 Second)
Creating Stylesheet (< 1 Second)
This book contained 72 Objects that aren't localized.
Style Object 'Related Heading' (111) not localized.
Style Object 'Related Item' (115) not localized.
Table of Contents Object 'KI DHTML Table of Contents' (55) not localized.
Media Object 'Other Section' (36) not localized.
Media Object 'Normal Section' (44) not localized.
Media Object 'Eclipse Help' (16408) not localized.
Media Object 'Contents Section' (37) not localized.
Style Object 'Body Text' (4) not localized.
File Object 'Next Icon' (124) not localized.
File Object 'Contents Icon' (122) not localized.
File Object 'Previous Icon' (125) not localized.
File Object 'Contents Icon' (59380) not localized.
Style Object 'Heading 2 - ICL' (3209) not localized.
Style Object 'Body Zero' (15324) not localized.
Style Object 'Table Heading Small' (7540) not localized.
Style Object 'Table Heading' (26) not localized.
Style Object 'Table Body Text Small' (7541) not localized.
Style Object 'ICL Subheading' (13878) not localized.
Style Object 'ICL Code' (13880) not localized.
Style Object 'ICL Spacing' (13904) not localized.
Style Object 'Code Table' (2603) not localized.
Style Object 'Table Body Text' (25) not localized.
Style Object 'ICL Body' (13879) not localized.
Style Object 'List Command' (19532) not localized.
Style Object 'Monospace Italic' (13825) not localized.
Style Object 'Grayed Out' (13845) not localized.
Style Object 'Magic Figure Center' (16614) not localized.
Style Object 'Monospace' (20) not localized.
Style Object 'Special Bold' (24) not localized.
Style Object 'Emphasis' (7) not localized.
Style Object 'List Bullet' (13) not localized.
Style Object 'Table List Bullet 9 pt' (33820) not localized.
Style Object 'Table Heading White Text' (17784) not localized.
Style Object 'Table List Bullet' (89) not localized.
File Object 'Branch always example diagram' (132079) not localized.
File Object 'Branch counter diagram' (132080) not localized.
File Object 'MP5000_TriggerModel_BranchEvent' (133324) not localized.
File Object 'MP5000_TriggerModel_BranchOnce' (133325) not localized.
File Object 'Branch once excluded diagram' (132081) not localized.
File Object 'MP5000_TriggerModel_ConfiglistNext.png' (133331) not localized.
File Object 'MP5000_TriggerModel_ConfiglistPrev' (133332) not localized.
File Object 'MP5000_TriggerModel_ConfiglistRecall.png' (133349) not localized.
File Object 'MP5000_TriggerModel_DelayConstant.png' (133334) not localized.
File Object 'MP5000_TriggerModel_Logevent.png' (133330) not localized.
File Object 'MP5000_TriggerModel_Measure' (133335) not localized.
File Object 'MP5000_TriggerModel_MeasureOverlapped' (133336) not localized.
File Object 'MP5000_TriggerModel_NOP.png' (133337) not localized.
File Object 'Notify diagram' (132082) not localized.
File Object 'MP5000_TriggerModel_ResetBranchCounter.png' (133338) not localized.
File Object 'MP5000_TriggerModel_SourceActionBias' (133339) not localized.
File Object 'MP5000_TriggerModel_SourceActionSet.png' (133340) not localized.
File Object 'MP5000_TriggerModel_SourceActionSkip.png' (133341) not localized.
File Object 'MP5000_TriggerModel_SourceActionStep.png' (133342) not localized.
File Object 'MP5000_TriggerModel_SourceOutput.png' (133343) not localized.
File Object 'MP5000_TriggerModel_Wait.png' (133344) not localized.
File Object 'MP5000_TriggerModel_Create' (133345) not localized.
File Object 'MP5000_TriggerModel_NotifyN' (133346) not localized.
File Object 'MP5000_TriggerModel_Initiate.png' (133347) not localized.
File Object 'MP5000_TriggerModel_Removeblock.png' (133348) not localized.
Style Object 'Heading 1' (8) not localized.
Style Object 'Heading 2' (9) not localized.
Style Object 'Heading 3' (10) not localized.
Style Object 'Heading 4' (86) not localized.
Style Object 'Heading 5' (87) not localized.
Style Object 'Heading 6' (88) not localized.
Style Object 'Index A to Z' (146) not localized.
Style Object 'Index Heading' (143) not localized.
Style Object 'Index 1' (139) not localized.
Style Object 'Index 2' (140) not localized.
Style Object 'Index 3' (141) not localized.
Style Object 'Index Link' (142) not localized.
Style Object 'TOC' (27) not localized.
Publishing finish (Finished 8:23:31 PM)
SendJobStatusEmail: Start
SendJobStatusEmail email sent
SendJobStatusEmail: Finish
