Get Available License
J/w1xLP1SDn1yEmMalEh1FqpAvooNiq1WXgWzGaEjsw9dW3rI9WXjAtaFNXYuC9VEYUUFslUI6SW/By8Vbwb8mU2QmY5mi37a+/+e4ZUgLZqMPWuAWYDu27QsH6itn7GQ74IH75bSUExO9fesOvGJv4Wn9ndcZ4rEbMsTDuQ12E9JV74qmZAx3FeN1s+hVPnSBjOz951r4IM6pykD2Ytzw4IRJSrmrPTBg2d2/lIxS5IBtrsrt39jTGZ4KbHsiVs1fNPI15m+Txt07dmoTDr1xy86SmXRwy6Q0nFfmpN7O/vYE7d0/Rp/LyecqkALPYUUPLqej2slZqNq9M7Xa+73FipQRTtgLQ0W5xtWqvwDB2gccEhEsj/P2EeN5W7yM8e3326m3frJlnT+qVscPcctu1HnvTZzEIpkyArZ0uzST8xakMqd44GgGSJvbQ71GTIo+jrIbWhTDxf11PCqMODyYBHSyhn19vlkhMUOU5p/3fh3/GIg36OOEFmkhATbWGv3hMD8BFbok97vN5ZttqODHmOp+n8uQUiLnfGXJVrZuL+k7+HAA1LeUpAc4oww44mmGGbesZfjW66Xihq83kqx8vdbRQJnJ9Ki3jeNeVut/YvbnpO6JV1rPY3CTHmB/sJp9lEyPhj+QYDttGslzX5Y9iv06K5w9LwSVNhIbGDg2foKx0fSn3pCK9xY+gpKf1F0G3JOuPfBPaDPeBpuzLsd2ZaiHrPi9QDjp2hd37N/dsIBnifa6Sc809GGzHAyKFIpttslQ2gZfE=
Publishing 'MP5000_TSP_commands (109761)' to PlainHTML (43289) (Started 8:21:58 PM)
Variant-settings used for publishing:
[Page_Size]='US Letter (8.5x11)'
Loading variables (8:21:58 PM)
Checking Release States (8:21:58 PM)
Creating output folder
Load book contents (8:21:58 PM)
Load related groups (8:21:58 PM)
Loading Book (1 Second(s))
Start publishing content (8:22:00 PM)
Determining PlainHTML filenames (< 1 Second)
The file 'ait-us1c1\1\k\keithley\CompanyShare\Templates\Templates\plain html\topic.gif' was not found in folder "\\ait-us1c1smb\clients$\ait-us1c1\1\k\keithley\CompanyShare\Templates\Templates\plain html".
The file 'ait-us1c1\1\k\keithley\CompanyShare\Templates\Templates\plain html\cbook.gif' was not found in folder "\\ait-us1c1smb\clients$\ait-us1c1\1\k\keithley\CompanyShare\Templates\Templates\plain html".
The file 'ait-us1c1\1\k\keithley\CompanyShare\Templates\Templates\plain html\obook.gif' was not found in folder "\\ait-us1c1smb\clients$\ait-us1c1\1\k\keithley\CompanyShare\Templates\Templates\plain html".
The file 'ait-us1c1\1\k\keithley\CompanyShare\Templates\Templates\plain html\plus.gif' was not found in folder "\\ait-us1c1smb\clients$\ait-us1c1\1\k\keithley\CompanyShare\Templates\Templates\plain html".
The file 'ait-us1c1\1\k\keithley\CompanyShare\Templates\Templates\plain html\minus.gif' was not found in folder "\\ait-us1c1smb\clients$\ait-us1c1\1\k\keithley\CompanyShare\Templates\Templates\plain html".
The file 'ait-us1c1\1\k\keithley\CompanyShare\Templates\Templates\plain html\space.gif' was not found in folder "\\ait-us1c1smb\clients$\ait-us1c1\1\k\keithley\CompanyShare\Templates\Templates\plain html".
HTML Template file '..\Templates\Templates\web help\topic.htm' not found in Media Object 37.
Creating Table of Contents (2 Second(s))
Topic 'TSP command reference ***chap***' - 18079
HTML Template file '..\Templates\Templates\web help\topic.htm' not found in Media Object 36.
File 'Next Icon' - 124
File 'Contents Icon' - 122
Topic 'MP5000 Series TSP commands' - 116606
HTML Template file '..\Templates\Templates\web help\topic.htm' not found in Media Object 44.
File 'Previous Icon' - 125
File 'Contents Icon' - 59380
Topic 'bit.bitand() ***MP5000***' - 116209
HTML Template file '..\Templates\Templates\web help\topic.htm' not found in Media Object 16408.
Topic 'bit.bitor() ***MP5000***' - 116210
HTML Template file '..\Templates\Templates\web help\topic.htm' not found in Media Object 16408.
Topic 'bit.bitxor()' - 116211
HTML Template file '..\Templates\Templates\web help\topic.htm' not found in Media Object 16408.
Topic 'bit.clear() ***MP5000***' - 116212
HTML Template file '..\Templates\Templates\web help\topic.htm' not found in Media Object 16408.
Topic 'bit.get()' - 116213
HTML Template file '..\Templates\Templates\web help\topic.htm' not found in Media Object 16408.
Topic 'bit.getfield()' - 116214
HTML Template file '..\Templates\Templates\web help\topic.htm' not found in Media Object 16408.
Topic 'bit.set()' - 116215
HTML Template file '..\Templates\Templates\web help\topic.htm' not found in Media Object 16408.
Topic 'bit.setfield()' - 116216
HTML Template file '..\Templates\Templates\web help\topic.htm' not found in Media Object 16408.
Topic 'bit.test()' - 116217
HTML Template file '..\Templates\Templates\web help\topic.htm' not found in Media Object 16408.
Topic 'bit.toggle()' - 116218
HTML Template file '..\Templates\Templates\web help\topic.htm' not found in Media Object 16408.
Topic 'dataqueue.add()' - 116219
HTML Template file '..\Templates\Templates\web help\topic.htm' not found in Media Object 16408.
Topic 'dataqueue.CAPACITY' - 116220
HTML Template file '..\Templates\Templates\web help\topic.htm' not found in Media Object 16408.
Topic 'dataqueue.clear()' - 116222
HTML Template file '..\Templates\Templates\web help\topic.htm' not found in Media Object 16408.
Topic 'dataqueue.count' - 116223
HTML Template file '..\Templates\Templates\web help\topic.htm' not found in Media Object 16408.
Topic 'dataqueue.next()' - 116224
HTML Template file '..\Templates\Templates\web help\topic.htm' not found in Media Object 16408.
Topic 'delay()  ***MP5000***' - 115901
HTML Template file '..\Templates\Templates\web help\topic.htm' not found in Media Object 16408.
Topic 'digio.readbit() ***MP5000***' - 115119
HTML Template file '..\Templates\Templates\web help\topic.htm' not found in Media Object 16408.
Topic 'digio.readport() ***MP5000***' - 115118
HTML Template file '..\Templates\Templates\web help\topic.htm' not found in Media Object 16408.
Topic 'digio.trigger[N].assert() ***MP5000***' - 115129
HTML Template file '..\Templates\Templates\web help\topic.htm' not found in Media Object 16408.
Topic 'digio.trigger[N].clear() ***MP5000***' - 115324
HTML Template file '..\Templates\Templates\web help\topic.htm' not found in Media Object 16408.
Topic 'digio.trigger[N].edge ***MP5000***' - 115124
HTML Template file '..\Templates\Templates\web help\topic.htm' not found in Media Object 16408.
Topic 'digio.trigger[N].EVENT_ID' - 116241
HTML Template file '..\Templates\Templates\web help\topic.htm' not found in Media Object 16408.
Topic 'digio.trigger[N].logic ***MP5000***' - 115125
HTML Template file '..\Templates\Templates\web help\topic.htm' not found in Media Object 16408.
Topic 'digio.trigger[N].mode ***MP5000***' - 115123
HTML Template file '..\Templates\Templates\web help\topic.htm' not found in Media Object 16408.
Topic 'digio.trigger[N].overrun ***MP5000***' - 115323
HTML Template file '..\Templates\Templates\web help\topic.htm' not found in Media Object 16408.
Topic 'digio.trigger[N].pulsewidth ***MP5000***' - 115126
HTML Template file '..\Templates\Templates\web help\topic.htm' not found in Media Object 16408.
Topic 'digio.trigger[N].release() ***MP5000***' - 115130
HTML Template file '..\Templates\Templates\web help\topic.htm' not found in Media Object 16408.
Topic 'digio.trigger[N].reset() ***MP5000***' - 115131
HTML Template file '..\Templates\Templates\web help\topic.htm' not found in Media Object 16408.
Topic 'digio.trigger[N].stimulus ***MP5000***' - 115574
HTML Template file '..\Templates\Templates\web help\topic.htm' not found in Media Object 16408.
Topic 'digio.trigger[N].wait() ***MP5000***' - 115298
HTML Template file '..\Templates\Templates\web help\topic.htm' not found in Media Object 16408.
Topic 'digio.writebit() ***MP5000***' - 115121
HTML Template file '..\Templates\Templates\web help\topic.htm' not found in Media Object 16408.
Topic 'digio.writeport() ***MP5000***' - 115120
HTML Template file '..\Templates\Templates\web help\topic.htm' not found in Media Object 16408.
Topic 'digio.writeprotect ***MP5000***' - 115122
HTML Template file '..\Templates\Templates\web help\topic.htm' not found in Media Object 16408.
Topic 'eventlog.clear() ***MP5000***' - 104218
HTML Template file '..\Templates\Templates\web help\topic.htm' not found in Media Object 16408.
Topic 'eventlog.count ***MP5000***' - 104219
HTML Template file '..\Templates\Templates\web help\topic.htm' not found in Media Object 16408.
Topic 'eventlog.next() ***MP5000***' - 104229
HTML Template file '..\Templates\Templates\web help\topic.htm' not found in Media Object 16408.
Topic 'exit()' - 116242
HTML Template file '..\Templates\Templates\web help\topic.htm' not found in Media Object 16408.
Topic 'fileVar:close() ***3700A, 2600B, 2606B, 2601B-PULSE, 2651A, 2657A***' - 14772
HTML Template file '..\Templates\Templates\web help\topic.htm' not found in Media Object 16408.
Topic 'fileVar:flush() ***3700A, 2600B, 2606B, 2601B-PULSE, 2651A, 2657A***' - 14786
HTML Template file '..\Templates\Templates\web help\topic.htm' not found in Media Object 16408.
Topic 'fileVar:read() ***3700A, 2600B, 2606B, 2601B-PULSE, 2651A, 2657A***' - 14787
HTML Template file '..\Templates\Templates\web help\topic.htm' not found in Media Object 16408.
Topic 'fileVar:seek() ***3700A, 2600B, 2606B, 2601B-PULSE, 2651A, 2657A***' - 14788
HTML Template file '..\Templates\Templates\web help\topic.htm' not found in Media Object 16408.
Topic 'fileVar:write() ***3700A, 2600B, 2606B, 2601B-PULSE, 2651A, 2657A***' - 14789
HTML Template file '..\Templates\Templates\web help\topic.htm' not found in Media Object 16408.
Topic 'firmware.load()' - 116150
HTML Template file '..\Templates\Templates\web help\topic.htm' not found in Media Object 16408.
Topic 'firmware.update() ***MP5000***' - 106526
HTML Template file '..\Templates\Templates\web help\topic.htm' not found in Media Object 16408.
Topic 'format.asciiprecision' - 116244
HTML Template file '..\Templates\Templates\web help\topic.htm' not found in Media Object 16408.
Topic 'format.byteorder' - 116245
HTML Template file '..\Templates\Templates\web help\topic.htm' not found in Media Object 16408.
Topic 'format.data' - 116246
HTML Template file '..\Templates\Templates\web help\topic.htm' not found in Media Object 16408.
Topic 'fs.chdir()***3700A, 2600B, 2450, 2460, 2461, 2470, 6500, 6510, 7510, 2606B, 2601B-PULSE, 2651A, 2657A***' - 14808
HTML Template file '..\Templates\Templates\web help\topic.htm' not found in Media Object 16408.
Topic 'fs.cwd() ***MP5000***' - 116247
HTML Template file '..\Templates\Templates\web help\topic.htm' not found in Media Object 16408.
Topic 'fs.is_dir() ***3700A, 2600B, 2450, 2460, 2461, 2470, 6500, 6510, 7510, 2606B, 2601B-PULSE, 2651A, 2657A, MP5000***' - 14811
HTML Template file '..\Templates\Templates\web help\topic.htm' not found in Media Object 16408.
Topic 'fs.is_file()***3700A, 2600B, 2450, 2460, 2461, 2470, 7510, 7512, 6500, 6510, 2606B, 2601B-PULSE, 2651A, 2657A***' - 14824
HTML Template file '..\Templates\Templates\web help\topic.htm' not found in Media Object 16408.
Topic 'fs.mkdir()***3700A, 2600B, 2450, 2460, 2461, 2470, 7510, 7512, 6500, 6510, 2606B, 2601B-PULSE, 2651A, 2657A***' - 14812
HTML Template file '..\Templates\Templates\web help\topic.htm' not found in Media Object 16408.
Topic 'fs.readdir() ***MP5000***' - 116248
HTML Template file '..\Templates\Templates\web help\topic.htm' not found in Media Object 16408.
Topic 'fs.rmdir() ***3700A, 2600B, 2450, 2460, 2461, 2470, 6500, 6510, 7510, 2606B, 2601B-PULSE, 2651A, 2657A***' - 14815
HTML Template file '..\Templates\Templates\web help\topic.htm' not found in Media Object 16408.
Topic 'gettimezone()' - 117388
HTML Template file '..\Templates\Templates\web help\topic.htm' not found in Media Object 16408.
Topic 'io.close()' - 116249
HTML Template file '..\Templates\Templates\web help\topic.htm' not found in Media Object 16408.
Topic 'io.flush() ***2606B, 26xxB, 3700A, 2600B, 2606B, 2601B-PULSE, 2651A, 2657A ***' - 14870
HTML Template file '..\Templates\Templates\web help\topic.htm' not found in Media Object 16408.
Topic 'io.input() ***widely used***' - 66560
HTML Template file '..\Templates\Templates\web help\topic.htm' not found in Media Object 16408.
Topic 'io.open()***3700A, 2600B, 2606B, 2601B-PULSE, 2651A, 2657A***' - 14872
HTML Template file '..\Templates\Templates\web help\topic.htm' not found in Media Object 16408.
Topic 'io.output() ***3700A, 2600B, 2606B, 2601B-PULSE, 2651A, 2657A***' - 14873
HTML Template file '..\Templates\Templates\web help\topic.htm' not found in Media Object 16408.
Topic 'io.read() ***3700A, 2600B, 2606B, 2601B-PULSE, 2651A, 2657A***' - 14874
HTML Template file '..\Templates\Templates\web help\topic.htm' not found in Media Object 16408.
Topic 'io.type() ***3700A, 2600B, 2606B, 2601B-PULSE, 2651A, 2657A***' - 14875
HTML Template file '..\Templates\Templates\web help\topic.htm' not found in Media Object 16408.
Topic 'io.write() ***3700A, 2600B, 2606B, 2601B-PULSE, 2651A, 2657A***' - 14877
HTML Template file '..\Templates\Templates\web help\topic.htm' not found in Media Object 16408.
Topic 'lan.applysettings() ***3700A, 2600B, 2606B, 70xB, 2601B-PULSE, 2651A, 2657A, MP5000***' - 14890
HTML Template file '..\Templates\Templates\web help\topic.htm' not found in Media Object 16408.
Topic 'lan.autoconnect ***MP5000***' - 116901
HTML Template file '..\Templates\Templates\web help\topic.htm' not found in Media Object 16408.
Topic 'lan.config.dns.address[N]' - 116250
HTML Template file '..\Templates\Templates\web help\topic.htm' not found in Media Object 16408.
Topic 'lan.config.dns.domain' - 116251
HTML Template file '..\Templates\Templates\web help\topic.htm' not found in Media Object 16408.
Topic 'lan.config.dns.dynamic ***MP5000***' - 116252
HTML Template file '..\Templates\Templates\web help\topic.htm' not found in Media Object 16408.
Topic 'lan.config.dns.hostname' - 116253
HTML Template file '..\Templates\Templates\web help\topic.htm' not found in Media Object 16408.
Topic 'lan.config.dns.verify' - 116254
HTML Template file '..\Templates\Templates\web help\topic.htm' not found in Media Object 16408.
Topic 'lan.config.gateway' - 116255
HTML Template file '..\Templates\Templates\web help\topic.htm' not found in Media Object 16408.
Topic 'lan.config.ipaddress' - 116256
HTML Template file '..\Templates\Templates\web help\topic.htm' not found in Media Object 16408.
Topic 'lan.config.method' - 116257
HTML Template file '..\Templates\Templates\web help\topic.htm' not found in Media Object 16408.
Topic 'lan.config.subnetmask' - 116258
HTML Template file '..\Templates\Templates\web help\topic.htm' not found in Media Object 16408.
Topic 'lan.enable ***MP5000***' - 116900
HTML Template file '..\Templates\Templates\web help\topic.htm' not found in Media Object 16408.
Topic 'lan.hislip.access' - 117275
HTML Template file '..\Templates\Templates\web help\topic.htm' not found in Media Object 16408.
Topic 'lan.identify' - 117382
HTML Template file '..\Templates\Templates\web help\topic.htm' not found in Media Object 16408.
Topic 'lan.linktimeout' - 116902
HTML Template file '..\Templates\Templates\web help\topic.htm' not found in Media Object 16408.
Topic 'lan.mdns.enable ***MP5000***' - 132018
HTML Template file '..\Templates\Templates\web help\topic.htm' not found in Media Object 16408.
Topic 'lan.nagle' - 116905
HTML Template file '..\Templates\Templates\web help\topic.htm' not found in Media Object 16408.
Topic 'lan.ping.enable' - 132019
HTML Template file '..\Templates\Templates\web help\topic.htm' not found in Media Object 16408.
Topic 'lan.rawsocket.access' - 118104
HTML Template file '..\Templates\Templates\web help\topic.htm' not found in Media Object 16408.
Topic 'lan.reset()' - 116906
HTML Template file '..\Templates\Templates\web help\topic.htm' not found in Media Object 16408.
Topic 'lan.restoredefaults()' - 116261
HTML Template file '..\Templates\Templates\web help\topic.htm' not found in Media Object 16408.
Topic 'lan.status.dns.address[N]' - 116908
HTML Template file '..\Templates\Templates\web help\topic.htm' not found in Media Object 16408.
Topic 'lan.status.dns.name' - 116262
HTML Template file '..\Templates\Templates\web help\topic.htm' not found in Media Object 16408.
Topic 'lan.status.gateway' - 116263
HTML Template file '..\Templates\Templates\web help\topic.htm' not found in Media Object 16408.
Topic 'lan.status.ipaddress' - 116264
HTML Template file '..\Templates\Templates\web help\topic.htm' not found in Media Object 16408.
Topic 'lan.status.macaddress' - 117407
HTML Template file '..\Templates\Templates\web help\topic.htm' not found in Media Object 16408.
Topic 'lan.status.port.dst' - 117408
HTML Template file '..\Templates\Templates\web help\topic.htm' not found in Media Object 16408.
Topic 'lan.status.port.hislip' - 116909
HTML Template file '..\Templates\Templates\web help\topic.htm' not found in Media Object 16408.
Topic 'lan.status.port.rawsocket' - 117409
HTML Template file '..\Templates\Templates\web help\topic.htm' not found in Media Object 16408.
Topic 'lan.status.port.telnet' - 117410
HTML Template file '..\Templates\Templates\web help\topic.htm' not found in Media Object 16408.
Topic 'lan.status.speed' - 117411
HTML Template file '..\Templates\Templates\web help\topic.htm' not found in Media Object 16408.
Topic 'lan.status.subnetmask' - 116265
HTML Template file '..\Templates\Templates\web help\topic.htm' not found in Media Object 16408.
Topic 'lan.telnet.access ***MP5000***' - 118105
HTML Template file '..\Templates\Templates\web help\topic.htm' not found in Media Object 16408.
Topic 'localnode.description' - 132020
HTML Template file '..\Templates\Templates\web help\topic.htm' not found in Media Object 16408.
Topic 'localnode.license ***MP5000***' - 117420
HTML Template file '..\Templates\Templates\web help\topic.htm' not found in Media Object 16408.
Topic 'localnode.linefreq ***MP5000***' - 106527
HTML Template file '..\Templates\Templates\web help\topic.htm' not found in Media Object 16408.
Topic 'localnode.manufacturer ***MP5000***' - 106528
HTML Template file '..\Templates\Templates\web help\topic.htm' not found in Media Object 16408.
Topic 'localnode.model ***MP5000***' - 106529
HTML Template file '..\Templates\Templates\web help\topic.htm' not found in Media Object 16408.
Topic 'localnode.prompts ***MP5000***' - 106530
HTML Template file '..\Templates\Templates\web help\topic.htm' not found in Media Object 16408.
Topic 'localnode.prompts4882 ***MP5000***' - 106531
HTML Template file '..\Templates\Templates\web help\topic.htm' not found in Media Object 16408.
Topic 'localnode.revision ***MP5000***' - 106534
HTML Template file '..\Templates\Templates\web help\topic.htm' not found in Media Object 16408.
Topic 'localnode.serialno ***MP5000***' - 106532
HTML Template file '..\Templates\Templates\web help\topic.htm' not found in Media Object 16408.
Topic 'localnode.showerrors ***MP5000***' - 106533
HTML Template file '..\Templates\Templates\web help\topic.htm' not found in Media Object 16408.
Topic 'login ***MP5000***' - 118094
HTML Template file '..\Templates\Templates\web help\topic.htm' not found in Media Object 16408.
Topic 'logout' - 118100
HTML Template file '..\Templates\Templates\web help\topic.htm' not found in Media Object 16408.
Topic 'makegetter()' - 116266
HTML Template file '..\Templates\Templates\web help\topic.htm' not found in Media Object 16408.
Topic 'makesetter()' - 116267
HTML Template file '..\Templates\Templates\web help\topic.htm' not found in Media Object 16408.
Topic 'node[N].execute()' - 116268
HTML Template file '..\Templates\Templates\web help\topic.htm' not found in Media Object 16408.
Topic 'node[N].getglobal()' - 116269
HTML Template file '..\Templates\Templates\web help\topic.htm' not found in Media Object 16408.
Topic 'node[N].setglobal()' - 116270
HTML Template file '..\Templates\Templates\web help\topic.htm' not found in Media Object 16408.
Topic 'opc()' - 117911
HTML Template file '..\Templates\Templates\web help\topic.htm' not found in Media Object 16408.
Topic 'os.clock() ***MP5000***' - 106535
HTML Template file '..\Templates\Templates\web help\topic.htm' not found in Media Object 16408.
Topic 'os.remove()' - 116271
HTML Template file '..\Templates\Templates\web help\topic.htm' not found in Media Object 16408.
Topic 'os.rename()' - 116272
HTML Template file '..\Templates\Templates\web help\topic.htm' not found in Media Object 16408.
Topic 'os.time() ***MP5000***' - 106536
HTML Template file '..\Templates\Templates\web help\topic.htm' not found in Media Object 16408.
Topic 'print()' - 116273
HTML Template file '..\Templates\Templates\web help\topic.htm' not found in Media Object 16408.
Topic 'printbuffer() ***MP5000***' - 116274
HTML Template file '..\Templates\Templates\web help\topic.htm' not found in Media Object 16408.
Topic 'printnumber()' - 116275
HTML Template file '..\Templates\Templates\web help\topic.htm' not found in Media Object 16408.
Topic 'reset() ***MP5000***' - 117385
HTML Template file '..\Templates\Templates\web help\topic.htm' not found in Media Object 16408.
Topic 'script.delete()' - 116842
HTML Template file '..\Templates\Templates\web help\topic.htm' not found in Media Object 16408.
Topic 'script.load() ***MP5000***' - 116845
HTML Template file '..\Templates\Templates\web help\topic.htm' not found in Media Object 16408.
Topic 'script.new() ***MP5000***' - 116846
HTML Template file '..\Templates\Templates\web help\topic.htm' not found in Media Object 16408.
Topic 'script.restore()' - 116848
HTML Template file '..\Templates\Templates\web help\topic.htm' not found in Media Object 16408.
Topic 'script.table()' - 116849
HTML Template file '..\Templates\Templates\web help\topic.htm' not found in Media Object 16408.
Topic 'scriptVar.list() ***MP5000***' - 116851
HTML Template file '..\Templates\Templates\web help\topic.htm' not found in Media Object 16408.
Topic 'scriptVar.name ***MP5000***' - 116852
HTML Template file '..\Templates\Templates\web help\topic.htm' not found in Media Object 16408.
Topic 'scriptVar.run() ***MP5000***' - 116853
HTML Template file '..\Templates\Templates\web help\topic.htm' not found in Media Object 16408.
Topic 'scriptVar.save() ***MP5000***' - 116854
HTML Template file '..\Templates\Templates\web help\topic.htm' not found in Media Object 16408.
Topic 'scriptVar.source ***MP5000***' - 116855
HTML Template file '..\Templates\Templates\web help\topic.htm' not found in Media Object 16408.
Topic 'settime() ***MP5000***' - 106537
HTML Template file '..\Templates\Templates\web help\topic.htm' not found in Media Object 16408.
Topic 'settimezone() ***MP5000***' - 116276
HTML Template file '..\Templates\Templates\web help\topic.htm' not found in Media Object 16408.
Topic 'slot.autorestart ***MP5000***' - 116133
HTML Template file '..\Templates\Templates\web help\topic.htm' not found in Media Object 16408.
Topic 'slot.autostart ***MP5000***' - 115527
HTML Template file '..\Templates\Templates\web help\topic.htm' not found in Media Object 16408.
Topic 'slot.start() ***MP5000***' - 109732
HTML Template file '..\Templates\Templates\web help\topic.htm' not found in Media Object 16408.
Topic 'slot.stop() ***MP5000***' - 109733
HTML Template file '..\Templates\Templates\web help\topic.htm' not found in Media Object 16408.
Topic 'slot[Z].status.reset() ***MP5000***' - 117995
HTML Template file '..\Templates\Templates\web help\topic.htm' not found in Media Object 16408.
Topic 'status.condition ***MP5000***' - 116003
HTML Template file '..\Templates\Templates\web help\topic.htm' not found in Media Object 16408.
Topic 'status.node_enable ***MP5000***' - 118164
HTML Template file '..\Templates\Templates\web help\topic.htm' not found in Media Object 16408.
Topic 'status.node_event ***MP5000***' - 118165
HTML Template file '..\Templates\Templates\web help\topic.htm' not found in Media Object 16408.
Topic 'status.operation.* ***MP5000***' - 116279
HTML Template file '..\Templates\Templates\web help\topic.htm' not found in Media Object 16408.
Topic 'status.operation.instrument.* ***MP5000***' - 115991
HTML Template file '..\Templates\Templates\web help\topic.htm' not found in Media Object 16408.
Topic 'status.operation.instrument.digio.* ***MP5000***' - 115992
HTML Template file '..\Templates\Templates\web help\topic.htm' not found in Media Object 16408.
Topic 'status.operation.instrument.digio.trigger_overrun.*  ***MP5000***' - 115994
HTML Template file '..\Templates\Templates\web help\topic.htm' not found in Media Object 16408.
Topic 'status.operation.instrument.digio.trigger_overrun[2].* ***MP5000***' - 115986
HTML Template file '..\Templates\Templates\web help\topic.htm' not found in Media Object 16408.
Topic 'status.operation.instrument.lan.* ***MP5000***' - 115997
HTML Template file '..\Templates\Templates\web help\topic.htm' not found in Media Object 16408.
Topic 'status.operation.instrument.trigger_timer.* ***2600B, 2606B, 2601B-PULSE, 2651A, 2657A, MP5000***' - 15844
HTML Template file '..\Templates\Templates\web help\topic.htm' not found in Media Object 16408.
Topic 'status.operation.instrument.trigger_timer.trigger_overrun.* ***2600B, 2606B, 2601B-PULSE, 2651A, 2657A, MP5000***' - 15845
HTML Template file '..\Templates\Templates\web help\topic.htm' not found in Media Object 16408.
Topic 'status.operation.instrument.tsplink.* ***2600B, 2606B, 2601B-PULSE, 2651A, 2657A, MP5000***' - 15846
HTML Template file '..\Templates\Templates\web help\topic.htm' not found in Media Object 16408.
Topic 'status.operation.instrument.tsplink.trigger_overrun.* ***2600B, 2606B, 2601B-PULSE, 2651A, 2657A, MP5000***' - 15847
HTML Template file '..\Templates\Templates\web help\topic.htm' not found in Media Object 16408.
Topic 'status.operation.program.* ***MP5000***' - 115984
HTML Template file '..\Templates\Templates\web help\topic.htm' not found in Media Object 16408.
Topic 'status.operation.remote.* ***MP5000***' - 115998
HTML Template file '..\Templates\Templates\web help\topic.htm' not found in Media Object 16408.
Topic 'status.operation.slot.presence.* ***MP5000***' - 115982
HTML Template file '..\Templates\Templates\web help\topic.htm' not found in Media Object 16408.
Topic 'status.operation.slot.status.* ***MP5000***' - 115985
HTML Template file '..\Templates\Templates\web help\topic.htm' not found in Media Object 16408.
Topic 'status.operation.slot.summary.* ***MP5000***' - 115983
HTML Template file '..\Templates\Templates\web help\topic.htm' not found in Media Object 16408.
Topic 'status.operation.trigger_overrun.* ***MP5000***' - 115999
HTML Template file '..\Templates\Templates\web help\topic.htm' not found in Media Object 16408.
Topic 'status.operation.user.* ***3700A, 2600B, 2606B, 70xB, 2601B-PULSE, 2651A, 2657A, MP5000***' - 15852
HTML Template file '..\Templates\Templates\web help\topic.htm' not found in Media Object 16408.
Topic 'status.request_enable ***MP5000***' - 118168
HTML Template file '..\Templates\Templates\web help\topic.htm' not found in Media Object 16408.
Topic 'status.standard.* ***MP5000***' - 118013
HTML Template file '..\Templates\Templates\web help\topic.htm' not found in Media Object 16408.
Topic 'status.request_event ***MP5000***' - 118169
HTML Template file '..\Templates\Templates\web help\topic.htm' not found in Media Object 16408.
Topic 'status.reset() ***MP5000***' - 117698
HTML Template file '..\Templates\Templates\web help\topic.htm' not found in Media Object 16408.
Topic 'status.system.* ***3700A, 2600B, 2606B, 70xB, 2601B-PULSE, 2651A, 2657A, MP5000***' - 15863
HTML Template file '..\Templates\Templates\web help\topic.htm' not found in Media Object 16408.
Topic 'status.system2.* ***MP5000***' - 116281
HTML Template file '..\Templates\Templates\web help\topic.htm' not found in Media Object 16408.
Topic 'status.system3.* ***MP5000***' - 116282
HTML Template file '..\Templates\Templates\web help\topic.htm' not found in Media Object 16408.
Topic 'status.system4.* ***MP5000***' - 116283
HTML Template file '..\Templates\Templates\web help\topic.htm' not found in Media Object 16408.
Topic 'status.system5.* ***MP5000***' - 116284
HTML Template file '..\Templates\Templates\web help\topic.htm' not found in Media Object 16408.
Topic 'timer.cleartime() ***MP5000***' - 116611
HTML Template file '..\Templates\Templates\web help\topic.htm' not found in Media Object 16408.
Topic 'timer.readtime() ***MP5000***' - 116612
HTML Template file '..\Templates\Templates\web help\topic.htm' not found in Media Object 16408.
Topic 'trigger.clear() ***MP5000***' - 116286
HTML Template file '..\Templates\Templates\web help\topic.htm' not found in Media Object 16408.
Topic 'trigger.detector[N].clear()' - 116547
HTML Template file '..\Templates\Templates\web help\topic.htm' not found in Media Object 16408.
Topic 'trigger.detector[N].overrun' - 116548
HTML Template file '..\Templates\Templates\web help\topic.htm' not found in Media Object 16408.
Topic 'trigger.detector[N].stimulus' - 116549
HTML Template file '..\Templates\Templates\web help\topic.htm' not found in Media Object 16408.
Topic 'trigger.detector[N].wait() ***MP5000***' - 116550
HTML Template file '..\Templates\Templates\web help\topic.htm' not found in Media Object 16408.
Topic 'trigger.EVENT_NONE ***MP5000***' - 116546
HTML Template file '..\Templates\Templates\web help\topic.htm' not found in Media Object 16408.
Topic 'trigger.generator[N].assert()' - 116288
HTML Template file '..\Templates\Templates\web help\topic.htm' not found in Media Object 16408.
Topic 'trigger.generator[N].EVENT_ID' - 116289
HTML Template file '..\Templates\Templates\web help\topic.htm' not found in Media Object 16408.
Topic 'trigger.timer[N].clear()' - 117238
HTML Template file '..\Templates\Templates\web help\topic.htm' not found in Media Object 16408.
Topic 'trigger.timer[N].count' - 117239
HTML Template file '..\Templates\Templates\web help\topic.htm' not found in Media Object 16408.
Topic 'trigger.timer[N].delay' - 117240
HTML Template file '..\Templates\Templates\web help\topic.htm' not found in Media Object 16408.
Topic 'trigger.timer[N].EVENT_ID' - 117242
HTML Template file '..\Templates\Templates\web help\topic.htm' not found in Media Object 16408.
Topic 'trigger.timer[N].overrun' - 117244
HTML Template file '..\Templates\Templates\web help\topic.htm' not found in Media Object 16408.
Topic 'trigger.timer[N].passthrough' - 117246
HTML Template file '..\Templates\Templates\web help\topic.htm' not found in Media Object 16408.
Topic 'trigger.timer[N].reset()' - 117249
HTML Template file '..\Templates\Templates\web help\topic.htm' not found in Media Object 16408.
Topic 'trigger.timer[N].stimulus' - 117251
HTML Template file '..\Templates\Templates\web help\topic.htm' not found in Media Object 16408.
Topic 'trigger.timer[N].wait()' - 117252
HTML Template file '..\Templates\Templates\web help\topic.htm' not found in Media Object 16408.
Topic 'trigger.wait() ***MP5000***' - 116291
HTML Template file '..\Templates\Templates\web help\topic.htm' not found in Media Object 16408.
Topic 'tsplink.group ***MP5000***' - 116292
HTML Template file '..\Templates\Templates\web help\topic.htm' not found in Media Object 16408.
Topic 'tsplink.master ***3700A, 2600B, 2606B, 70xB, 2601B-PULSE, 2651A, 2657A, MP5000***' - 15286
HTML Template file '..\Templates\Templates\web help\topic.htm' not found in Media Object 16408.
Topic 'tsplink.node ***70xB, 3700A, 2650A, 2600B, MP5000, 5880***' - 115893
HTML Template file '..\Templates\Templates\web help\topic.htm' not found in Media Object 16408.
Topic 'tsplink.readbit() ***3700A, 2600B, 2606B, 70xB, 2601B-PULSE, 2651A, 2657A, MP5000***' - 15288
HTML Template file '..\Templates\Templates\web help\topic.htm' not found in Media Object 16408.
Topic 'tsplink.readport() ***MP5000***' - 116296
HTML Template file '..\Templates\Templates\web help\topic.htm' not found in Media Object 16408.
Topic 'tsplink.reset() ***MP5000***' - 116297
HTML Template file '..\Templates\Templates\web help\topic.htm' not found in Media Object 16408.
Topic 'tsplink.state' - 116298
HTML Template file '..\Templates\Templates\web help\topic.htm' not found in Media Object 16408.
Topic 'tsplink.trigger[N].assert() ***3700A, 2600B, 2606B, 70xB, 2601B-PULSE, 2651A, 2657A, MP5000***' - 15292
HTML Template file '..\Templates\Templates\web help\topic.htm' not found in Media Object 16408.
Topic 'tsplink.trigger[N].clear() ***3700A, 2600B, 2606B, 70xB, 2601B-PULSE, 2651A, 2657A, MP5000***' - 15293
HTML Template file '..\Templates\Templates\web help\topic.htm' not found in Media Object 16408.
Topic 'tsplink.trigger[N].edge' - 133156
HTML Template file '..\Templates\Templates\web help\topic.htm' not found in Media Object 16408.
Topic 'tsplink.trigger[N].EVENT_ID ***3700A, 2600B, 2606B, 70xB, 2601B-PULSE, 2651A, 2657A, MP5000***' - 15294
HTML Template file '..\Templates\Templates\web help\topic.htm' not found in Media Object 16408.
Topic 'tsplink.trigger[N].logic' - 133157
HTML Template file '..\Templates\Templates\web help\topic.htm' not found in Media Object 16408.
Topic 'tsplink.trigger[N].mode ***MP5000***' - 116302
HTML Template file '..\Templates\Templates\web help\topic.htm' not found in Media Object 16408.
Topic 'tsplink.trigger[N].overrun ***MP5000***' - 116303
HTML Template file '..\Templates\Templates\web help\topic.htm' not found in Media Object 16408.
Topic 'tsplink.trigger[N].pulsewidth' - 116304
HTML Template file '..\Templates\Templates\web help\topic.htm' not found in Media Object 16408.
Topic 'tsplink.trigger[N].release() ***3700A, 2600B, 2606B, 70xB, 2601B-PULSE, 2651A, 2657A, MP5000***' - 15298
HTML Template file '..\Templates\Templates\web help\topic.htm' not found in Media Object 16408.
Topic 'tsplink.trigger[N].reset() ***3700A, 2600B, 2606B, 70xB, 2601B-PULSE, 2651A, 2657A***' - 17669
HTML Template file '..\Templates\Templates\web help\topic.htm' not found in Media Object 16408.
Topic 'tsplink.trigger[N].stimulus ***MP5000***' - 116309
HTML Template file '..\Templates\Templates\web help\topic.htm' not found in Media Object 16408.
Topic 'tsplink.trigger[N].wait() ***3700A, 2600B, 2606B, 70xB, 2601B-PULSE, 2651A, 2657A, MP5000***' - 15300
HTML Template file '..\Templates\Templates\web help\topic.htm' not found in Media Object 16408.
Topic 'tsplink.writebit() ***3700A, 2600B, 2606B, 70xB, 2601B-PULSE, 2651A, 2657A, MP5000***' - 15301
HTML Template file '..\Templates\Templates\web help\topic.htm' not found in Media Object 16408.
Topic 'tsplink.writeport() ***MP5000***' - 116321
HTML Template file '..\Templates\Templates\web help\topic.htm' not found in Media Object 16408.
Topic 'tsplink.writeprotect ***MP5000***' - 116323
HTML Template file '..\Templates\Templates\web help\topic.htm' not found in Media Object 16408.
Topic 'tspnet.clear() ***widely used***' - 14073
HTML Template file '..\Templates\Templates\web help\topic.htm' not found in Media Object 16408.
Topic 'tspnet.connect() ***MP5000***' - 116325
HTML Template file '..\Templates\Templates\web help\topic.htm' not found in Media Object 16408.
Topic 'tspnet.disconnect() ***widely used***' - 14076
HTML Template file '..\Templates\Templates\web help\topic.htm' not found in Media Object 16408.
Topic 'tspnet.execute() ***MP5000***' - 116327
HTML Template file '..\Templates\Templates\web help\topic.htm' not found in Media Object 16408.
Topic 'tspnet.idn() ***MP5000***' - 116328
HTML Template file '..\Templates\Templates\web help\topic.htm' not found in Media Object 16408.
Topic 'tspnet.read() ***widely used***' - 14079
HTML Template file '..\Templates\Templates\web help\topic.htm' not found in Media Object 16408.
Topic 'tspnet.readavailable() ***widely used***' - 14080
HTML Template file '..\Templates\Templates\web help\topic.htm' not found in Media Object 16408.
Topic 'tspnet.reset() ***widely used***' - 14081
HTML Template file '..\Templates\Templates\web help\topic.htm' not found in Media Object 16408.
Topic 'tspnet.termination() ***MP5000***' - 116333
HTML Template file '..\Templates\Templates\web help\topic.htm' not found in Media Object 16408.
Topic 'tspnet.timeout ***MP5000***' - 116334
HTML Template file '..\Templates\Templates\web help\topic.htm' not found in Media Object 16408.
Topic 'tspnet.tsp.abort() ***widely used***' - 14085
HTML Template file '..\Templates\Templates\web help\topic.htm' not found in Media Object 16408.
Topic 'tspnet.tsp.abortonconnect ***MP5000***' - 116336
HTML Template file '..\Templates\Templates\web help\topic.htm' not found in Media Object 16408.
Topic 'tspnet.tsp.rbtablecopy() ***MP5000***' - 116337
HTML Template file '..\Templates\Templates\web help\topic.htm' not found in Media Object 16408.
Topic 'tspnet.tsp.runscript() ***MP5000***' - 118378
HTML Template file '..\Templates\Templates\web help\topic.htm' not found in Media Object 16408.
Topic 'tspnet.write() ***widely used***' - 14089
HTML Template file '..\Templates\Templates\web help\topic.htm' not found in Media Object 16408.
Topic 'usbtmc.access' - 118106
HTML Template file '..\Templates\Templates\web help\topic.htm' not found in Media Object 16408.
Topic 'user.password.change() ***MP5000***' - 118098
HTML Template file '..\Templates\Templates\web help\topic.htm' not found in Media Object 16408.
Topic 'userstring.add() ***MP5000**' - 115799
HTML Template file '..\Templates\Templates\web help\topic.htm' not found in Media Object 16408.
Topic 'userstring.delete() ***MP5000***' - 115804
HTML Template file '..\Templates\Templates\web help\topic.htm' not found in Media Object 16408.
Topic 'userstring.get() ***MP5000***' - 115802
HTML Template file '..\Templates\Templates\web help\topic.htm' not found in Media Object 16408.
Topic 'userstring.table() ***MP5000***' - 115796
HTML Template file '..\Templates\Templates\web help\topic.htm' not found in Media Object 16408.
Topic 'waitcomplete() ***MP5000***' - 116240
HTML Template file '..\Templates\Templates\web help\topic.htm' not found in Media Object 16408.
Creating PlainHTML Pages (1 Minute(s) 7 Second(s))
Hyperlink 'Bit manipulation and logic operations' (25956)
Hyperlink 'Bit manipulation and logic operations' - 25956 removed as not found in book table of contents
Hyperlink 'bit.bitor()' (116225)
Hyperlink 'bit.bitxor()' (116226)
Hyperlink 'Bit manipulation and logic operations' (25956)
Hyperlink 'Bit manipulation and logic operations' - 25956 removed as not found in book table of contents
Hyperlink 'bit.bitand()' (116227)
Hyperlink 'bit.bitxor()' (116226)
Hyperlink 'Bit manipulation and logic operations' (25956)
Hyperlink 'Bit manipulation and logic operations' - 25956 removed as not found in book table of contents
Hyperlink 'bit.bitand()' (116227)
Hyperlink 'bit.bitor()' (116225)
Hyperlink 'Bit manipulation and logic operations' (25956)
Hyperlink 'Bit manipulation and logic operations' - 25956 removed as not found in book table of contents
Hyperlink 'bit.get()' (116228)
Hyperlink 'bit.set()' (116229)
Hyperlink 'bit.test()' (116230)
Hyperlink 'bit.toggle()' (116231)
Hyperlink 'Bit manipulation and logic operations' (25956)
Hyperlink 'Bit manipulation and logic operations' - 25956 removed as not found in book table of contents
Hyperlink 'bit.clear()' (116232)
Hyperlink 'bit.set()' (116229)
Hyperlink 'bit.test()' (116230)
Hyperlink 'bit.toggle()' (116231)
Hyperlink 'Bit manipulation and logic operations' (25956)
Hyperlink 'Bit manipulation and logic operations' - 25956 removed as not found in book table of contents
Hyperlink 'bit.get()' (116228)
Hyperlink 'bit.set()' (116229)
Hyperlink 'bit.setfield()' (116233)
Hyperlink 'Bit manipulation and logic operations' (25956)
Hyperlink 'Bit manipulation and logic operations' - 25956 removed as not found in book table of contents
Hyperlink 'bit.clear()' (116232)
Hyperlink 'bit.get()' (116228)
Hyperlink 'bit.getfield()' (116234)
Hyperlink 'bit.setfield()' (116233)
Hyperlink 'bit.test()' (116230)
Hyperlink 'bit.toggle()' (116231)
Hyperlink 'Bit manipulation and logic operations' (25956)
Hyperlink 'Bit manipulation and logic operations' - 25956 removed as not found in book table of contents
Hyperlink 'bit.get()' (116228)
Hyperlink 'bit.set()' (116229)
Hyperlink 'bit.getfield()' (116234)
Hyperlink 'Bit manipulation and logic operations' (25956)
Hyperlink 'Bit manipulation and logic operations' - 25956 removed as not found in book table of contents
Hyperlink 'bit.clear()' (116232)
Hyperlink 'bit.get()' (116228)
Hyperlink 'bit.set()' (116229)
Hyperlink 'bit.toggle()' (116231)
Hyperlink 'Bit manipulation and logic operations' (25956)
Hyperlink 'Bit manipulation and logic operations' - 25956 removed as not found in book table of contents
Hyperlink 'bit.clear()' (116232)
Hyperlink 'bit.get()' (116228)
Hyperlink 'bit.set()' (116229)
Hyperlink 'bit.test()' (116230)
Hyperlink 'dataqueue.CAPACITY' (116235)
Hyperlink 'dataqueue.clear()' (116236)
Hyperlink 'dataqueue.count' (116237)
Hyperlink 'dataqueue.next()' (116238)
Hyperlink 'Using the data queue for real-time communications' (56866)
Hyperlink 'Using the data queue for real-time communications' - 56866 removed as not found in book table of contents
Hyperlink 'dataqueue.add()' (116239)
Hyperlink 'dataqueue.clear()' (116236)
Hyperlink 'dataqueue.count' (116237)
Hyperlink 'dataqueue.next()' (116238)
Hyperlink 'Using the data queue for real-time communications' (56866)
Hyperlink 'Using the data queue for real-time communications' - 56866 removed as not found in book table of contents
Hyperlink 'dataqueue.add()' (116239)
Hyperlink 'dataqueue.CAPACITY' (116235)
Hyperlink 'dataqueue.count' (116237)
Hyperlink 'dataqueue.next()' (116238)
Hyperlink 'Using the data queue for real-time communications' (56866)
Hyperlink 'Using the data queue for real-time communications' - 56866 removed as not found in book table of contents
Hyperlink 'dataqueue.add()' (116239)
Hyperlink 'dataqueue.CAPACITY' (116235)
Hyperlink 'dataqueue.clear()' (116236)
Hyperlink 'dataqueue.next()' (116238)
Hyperlink 'Using the data queue for real-time communications' (56866)
Hyperlink 'Using the data queue for real-time communications' - 56866 removed as not found in book table of contents
Hyperlink 'dataqueue.add()' (116239)
Hyperlink 'dataqueue.CAPACITY' (116235)
Hyperlink 'dataqueue.clear()' (116236)
Hyperlink 'dataqueue.count' (116237)
Hyperlink 'format.asciiprecision' (116341)
Hyperlink 'Using the data queue for real-time communications' (56866)
Hyperlink 'Using the data queue for real-time communications' - 56866 removed as not found in book table of contents
Hyperlink 'digio.readport() ***MP5000***' (115290)
Hyperlink 'digio.writebit() ***MP5000***' (115291)
Hyperlink 'digio.writeport() ***MP5000***' (115289)
Hyperlink 'digio.readbit() ***MP5000***' (115292)
Hyperlink 'digio.writebit() ***MP5000***' (115291)
Hyperlink 'digio.writeport() ***MP5000***' (115289)
Hyperlink 'digio.trigger[N].mode ***MP5000***' (115294)
Hyperlink 'digio.trigger[N].pulsewidth ***MP5000***' (115188)
Hyperlink 'digio.trigger[N].overrun ***MP5000***' (115556)
Hyperlink 'digio.trigger[N].wait ***MP5000***' (115557)
Hyperlink 'digio.trigger[N].clear ***MP5000***' (115326)
Hyperlink 'digio.trigger[N].logic ***MP5000***' (115561)
Hyperlink 'digio.trigger[N].mode ***MP5000***' (115294)
Hyperlink 'digio.trigger[N].reset() ***MP5000***' (115296)
Hyperlink 'digio.writeport() ***MP5000***' (115289)
Hyperlink 'digio.trigger[N].stimulus ***MP5000***' (115575)
Hyperlink 'digio.trigger[N].clear ***MP5000***' (115326)
Hyperlink 'digio.trigger[N].edge ***MP5000***' (115560)
Hyperlink 'digio.trigger[N].mode ***MP5000***' (115294)
Hyperlink 'digio.trigger[N].reset() ***MP5000***' (115296)
Hyperlink 'digio.readbit() ***MP5000***' (115292)
Hyperlink 'digio.trigger[N].edge ***MP5000***' (115560)
Hyperlink 'digio.trigger[N].EVENT_ID' (116679)
Hyperlink 'digio.writebit() ***MP5000***' (115291)
Hyperlink 'digio.trigger[N].clear ***MP5000***' (115326)
Hyperlink 'digio.trigger[N].reset() ***MP5000***' (115296)
Hyperlink 'digio.trigger[N].assert() ***MP5000***' (115189)
Hyperlink 'digio.trigger[N].release() ***MP5000***' (115295)
Hyperlink 'digio.trigger[N].reset() ***MP5000***' (115296)
Hyperlink 'digio.trigger[N].assert() ***MP5000***' (115189)
Hyperlink 'digio.trigger[N].pulsewidth ***MP5000***' (115188)
Hyperlink 'digio.trigger[N].edge ***MP5000***' (115560)
Hyperlink 'digio.trigger[N].logic ***MP5000***' (115561)
Hyperlink 'digio.trigger[N].mode ***MP5000***' (115294)
Hyperlink 'digio.trigger[N].overrun ***MP5000***' (115556)
Hyperlink 'digio.trigger[N].pulsewidth ***MP5000***' (115188)
Hyperlink 'digio.trigger[N].stimulus ***MP5000***' (115575)
Hyperlink 'digio.trigger[N].EVENT_ID' (116679)
Hyperlink 'slot[Z].smu[X].trigger.EVENT_AT_LIMIT ***SMUs***' (118327)
Hyperlink 'slot[Z].smu[X].trigger.EVENT_AT_LIMIT ***SMUs***' - 118327 removed as not found in book table of contents
Hyperlink 'slot[Z].trigger.model.EVENT_NOTIFYN Z ***SMUs***' (118325)
Hyperlink 'slot[Z].trigger.model.EVENT_NOTIFYN Z ***SMUs***' - 118325 removed as not found in book table of contents
Hyperlink 'trigger.generator[N].EVENT_ID' (116380)
Hyperlink 'trigger.timer[N].EVENT_ID' (117264)
Hyperlink 'tsplink.trigger[N].EVENT_ID' (15313)
Hyperlink 'digio.trigger[N].assert() ***MP5000***' (115189)
Hyperlink 'digio.trigger[N].clear ***MP5000***' (115326)
Hyperlink 'digio.trigger[N].mode ***MP5000***' (115294)
Hyperlink 'digio.trigger[N].reset() ***MP5000***' (115296)
Hyperlink 'digio.trigger[N].clear ***MP5000***' (115326)
Hyperlink 'digio.trigger[N].mode ***MP5000***' (115294)
Hyperlink 'digio.readbit() ***MP5000***' (115292)
Hyperlink 'digio.readport() ***MP5000***' (115290)
Hyperlink 'digio.trigger[N].mode ***MP5000***' (115294)
Hyperlink 'digio.writeport() ***MP5000***' (115289)
Hyperlink 'digio.writeprotect ***MP5000***' (115293)
Hyperlink 'digio.readbit() ***MP5000***' (115292)
Hyperlink 'digio.readport() ***MP5000***' (115290)
Hyperlink 'digio.trigger[N].mode ***MP5000***' (115294)
Hyperlink 'digio.writebit() ***MP5000***' (115291)
Hyperlink 'digio.writeprotect ***MP5000***' (115293)
Hyperlink 'digio.writebit() ***MP5000***' (115291)
Hyperlink 'digio.writeport() ***MP5000***' (115289)
Hyperlink 'eventlog.count ***MP5000***' (106791)
Hyperlink 'eventlog.next() ***MP5000***' (116681)
Hyperlink 'eventlog.clear() ***MP5000***' (116680)
Hyperlink 'eventlog.next() ***MP5000***' (116681)
Hyperlink 'eventlog.clear() ***MP5000***' (116680)
Hyperlink 'eventlog.count ***MP5000***' (106791)
Hyperlink 'waitcomplete()' (116243)
Hyperlink 'fileVar:flush()' (14791)
Hyperlink 'fileVar:read()' (14792)
Hyperlink 'fileVar:seek()' (14793)
Hyperlink 'fileVar:write()' (14794)
Hyperlink 'io.close()' (116344)
Hyperlink 'io.open()' (14881)
Hyperlink 'fileVar:write()' (14794)
Hyperlink 'io.open()' (14881)
Hyperlink 'io.write()' (14885)
Hyperlink 'fileVar:write()' (14794)
Hyperlink 'io.input()' (19308)
Hyperlink 'io.open()' (14881)
Hyperlink 'io.open()' (14881)
Hyperlink 'fileVar:close()' (19398)
Hyperlink 'fileVar:flush()' (14791)
Hyperlink 'io.close()' (116344)
Hyperlink 'io.flush()' (14879)
Hyperlink 'io.open()' (14881)
File 'VARIABLE - CAUTION' - 14260
Hyperlink 'Upgrade the firmware using TSP ***MP5000 and modules***' (133134)
Hyperlink 'Upgrade the firmware using TSP ***MP5000 and modules***' - 133134 removed as not found in book table of contents
Hyperlink 'firmware.update() ***MP5000***' (116157)
Hyperlink 'slot[Z].firmware.update ***MP5000 SMUs***' (107626)
Hyperlink 'slot[Z].firmware.update ***MP5000 SMUs***' - 107626 removed as not found in book table of contents
Hyperlink 'Upgrade the firmware using TSP ***MP5000 and modules***' (133134)
Hyperlink 'Upgrade the firmware using TSP ***MP5000 and modules***' - 133134 removed as not found in book table of contents
Hyperlink 'firmware.load()' (116151)
Hyperlink 'slot[Z].firmware.update ***MP5000 SMUs***' (107626)
Hyperlink 'slot[Z].firmware.update ***MP5000 SMUs***' - 107626 removed as not found in book table of contents
Hyperlink 'format.byteorder' (116346)
Hyperlink 'format.data' (116347)
Hyperlink 'print()' (116348)
Hyperlink 'printbuffer()' (116349)
Hyperlink 'printnumber()' (116350)
Hyperlink 'format.asciiprecision' (116341)
Hyperlink 'format.data' (116347)
Hyperlink 'printbuffer()' (116349)
Hyperlink 'printnumber()' (116350)
File 'VARIABLE - NOTE' - 14261
Hyperlink 'format.asciiprecision' (116341)
Hyperlink 'format.byteorder' (116346)
Hyperlink 'printbuffer()' (116349)
Hyperlink 'printnumber()' (116350)
Hyperlink 'fs.is_file()' (2706)
Hyperlink 'fs.is_dir()' (14819)
Hyperlink 'fs.rmdir()' (14823)
Hyperlink 'fs.mkdir()' (14820)
Hyperlink 'settimezone()' (116695)
Hyperlink 'io.open()' (14881)
Hyperlink 'fileVar:flush()' (14791)
Hyperlink 'fileVar:write()' (14794)
Hyperlink 'io.write()' (14885)
Hyperlink 'io.open()' (14881)
Hyperlink 'io.output()' (14882)
Hyperlink 'io.close()' (116344)
Hyperlink 'os.remove()' (116693)
Hyperlink 'io.input()' (19308)
Hyperlink 'io.open()' (14881)
Hyperlink 'io.open()' (14881)
Hyperlink 'io.flush()' (14879)
Hyperlink 'lan.linktimeout' (117390)
Hyperlink 'lan.restoredefaults()' (116355)
Hyperlink 'lan.config.dns.domain' (116351)
Hyperlink 'lan.config.dns.dynamic' (116352)
Hyperlink 'lan.config.dns.hostname' (116353)
Hyperlink 'lan.config.dns.verify' (116354)
Hyperlink 'lan.restoredefaults()' (116355)
Hyperlink 'lan.config.dns.dynamic' (116352)
Hyperlink 'lan.config.dns.hostname' (116353)
Hyperlink 'lan.config.dns.verify' (116354)
Hyperlink 'lan.restoredefaults()' (116355)
Hyperlink 'lan.config.dns.hostname' (116353)
Hyperlink 'lan.restoredefaults()' (116355)
Hyperlink 'lan.config.dns.domain' (116351)
Hyperlink 'lan.config.dns.dynamic' (116352)
Hyperlink 'lan.restoredefaults()' (116355)
Hyperlink 'lan.config.dns.hostname' (116353)
Hyperlink 'lan.restoredefaults()' (116355)
Hyperlink 'lan.restoredefaults()' (116355)
Hyperlink 'lan.status.gateway' (116356)
Hyperlink 'lan.config.method' (116687)
Hyperlink 'lan.restoredefaults()' (116355)
Hyperlink 'lan.status.ipaddress' (116357)
Hyperlink 'lan.restoredefaults()' (116355)
Hyperlink 'lan.restoredefaults()' (116355)
Hyperlink 'lan.status.subnetmask' (116358)
Hyperlink 'lan.config.hislip.enable' (117281)
Hyperlink 'lan.status.port.dst' (117413)
Hyperlink 'lan.status.port.rawsocket' (117414)
Hyperlink 'lan.status.port.telnet' (117415)
Hyperlink 'lan.enable' (117276)
Hyperlink 'lan.rawsocket.access' (118176)
Hyperlink 'lan.telnet.access' (118177)
Hyperlink 'login' (118096)
Hyperlink 'logout' (118102)
Hyperlink 'usbtmc.access' (118178)
Hyperlink 'lan.autoconnect' (116903)
Hyperlink 'lan.restoredefaults()' (116355)
Hyperlink 'lan.enable' (117276)
Hyperlink 'lan.config.hislip.enable' (117281)
Hyperlink 'lan.status.port.dst' (117413)
Hyperlink 'lan.status.port.rawsocket' (117414)
Hyperlink 'lan.status.port.telnet' (117415)
Hyperlink 'lan.restoredefaults()' (116355)
Hyperlink 'lan.enable' (117276)
Hyperlink 'lan.enable' (117276)
Hyperlink 'lan.config.hislip.enable' (117281)
Hyperlink 'lan.telnet.access' (118177)
Hyperlink 'login' (118096)
Hyperlink 'logout' (118102)
Hyperlink 'usbtmc.access' (118178)
Hyperlink 'lan.applysettings()' (14934)
Hyperlink 'lan.config.hislip.enable' (117281)
Hyperlink 'lan.rawsocket.access' (118176)
Hyperlink 'lan.restoredefaults()' (116355)
Hyperlink 'lan.telnet.access' (118177)
Hyperlink 'user.password.change' (118099)
Hyperlink 'lan.config.hislip.enable' (117281)
Hyperlink 'lan.rawsocket.access' (118176)
Hyperlink 'lan.reset' (116907)
Hyperlink 'lan.telnet.access' (118177)
Hyperlink 'lan.config.dns.address[N]' (116360)
Hyperlink 'lan.status.dns.name' (116689)
Hyperlink 'lan.config.dns.domain' (116351)
Hyperlink 'lan.config.dns.hostname' (116353)
Hyperlink 'lan.config.gateway' (116361)
Hyperlink 'lan.config.ipaddress' (116362)
Hyperlink 'lan.config.subnetmask' (116363)
Hyperlink 'lan.enable' (117276)
Hyperlink 'lan.config.hislip.enable' (117281)
Hyperlink 'lan.rawsocket.access' (118176)
Hyperlink 'login' (118096)
Hyperlink 'logout' (118102)
Hyperlink 'usbtmc.access' (118178)
Hyperlink 'localnode.model ***MP5000***' (109942)
Hyperlink 'localnode.revision ***MP5000***' (109943)
Hyperlink 'localnode.serialno ***MP5000***' (109938)
Hyperlink 'localnode.prompts4882  ***MP5000***' (106792)
Hyperlink 'localnode.showerrors ***MP5000***' (109940)
Hyperlink 'localnode.prompts  ***MP5000***' (106793)
Hyperlink 'localnode.manufacturer ***MP5000***' (109946)
Hyperlink 'localnode.model ***MP5000***' (109942)
Hyperlink 'localnode.serialno ***MP5000***' (109938)
Hyperlink 'localnode.model ***MP5000***' (109942)
Hyperlink 'localnode.revision ***MP5000***' (109943)
Hyperlink 'localnode.prompts  ***MP5000***' (106793)
Hyperlink 'localnode.prompts4882  ***MP5000***' (106792)
Hyperlink 'logout' (118102)
Hyperlink 'user.password.change' (118099)
Hyperlink 'login' (118096)
Hyperlink 'user.password.change' (118099)
Hyperlink 'makesetter()' (116364)
Hyperlink 'makegetter()' (116365)
Hyperlink 'tsplink.group' (116366)
Hyperlink 'node[N].setglobal()' (116367)
Hyperlink 'node[N].getglobal()' (116368)
Hyperlink 'Status model' (25023)
Hyperlink 'Status model' - 25023 removed as not found in book table of contents
Hyperlink 'os.time()  ***MP5000***' (106794)
Hyperlink 'os.rename()' (20190)
Hyperlink 'os.rename()' - 20190 removed as not found in book table of contents
Hyperlink 'os.remove()' (116693)
Hyperlink 'os.clock()  ***MP5000***' (106795)
Hyperlink 'settime()  ***MP5000***' (106796)
Hyperlink 'settimezone()' (116695)
Hyperlink 'format.asciiprecision' (116341)
Hyperlink 'printbuffer()' (116349)
Hyperlink 'printnumber()' (116350)
Hyperlink 'bufferVar.basetimestampfractional ***MP5000 PSUs***' (116915)
Hyperlink 'bufferVar.basetimestampfractional ***MP5000 PSUs***' - 116915 removed as not found in book table of contents
Hyperlink 'bufferVar.basetimestampfractional ***MP5000 SMUs***' (116920)
Hyperlink 'bufferVar.basetimestampfractional ***MP5000 SMUs***' - 116920 removed as not found in book table of contents
Hyperlink 'bufferVar.basetimestampseconds ***MP5000 PSU***' (116914)
Hyperlink 'bufferVar.basetimestampseconds ***MP5000 PSU***' - 116914 removed as not found in book table of contents
Hyperlink 'bufferVar.basetimestampseconds' (116919)
Hyperlink 'bufferVar.basetimestampseconds' - 116919 removed as not found in book table of contents
Hyperlink 'bufferVar.measurefunctions ***MP5000 PSUs***' (116723)
Hyperlink 'bufferVar.measurefunctions ***MP5000 PSUs***' - 116723 removed as not found in book table of contents
Hyperlink 'bufferVar.measurefunctions ***MP5000 SMUs***' (116778)
Hyperlink 'bufferVar.measurefunctions ***MP5000 SMUs***' - 116778 removed as not found in book table of contents
Hyperlink 'bufferVar.measureranges ***MP5000 PSUs***' (116724)
Hyperlink 'bufferVar.measureranges ***MP5000 PSUs***' - 116724 removed as not found in book table of contents
Hyperlink 'bufferVar.measureranges ***MP5000 SMUs***' (116779)
Hyperlink 'bufferVar.measureranges ***MP5000 SMUs***' - 116779 removed as not found in book table of contents
Hyperlink 'bufferVar.n ***MP5000 PSUs***' (116663)
Hyperlink 'bufferVar.n ***MP5000 PSUs***' - 116663 removed as not found in book table of contents
Hyperlink 'bufferVar.n ***MP5000 PSUs and SMUs***' (115877)
Hyperlink 'bufferVar.n ***MP5000 PSUs and SMUs***' - 115877 removed as not found in book table of contents
Hyperlink 'bufferVar.readings ***MP5000 PSUs***' (116665)
Hyperlink 'bufferVar.readings ***MP5000 PSUs***' - 116665 removed as not found in book table of contents
Hyperlink 'bufferVar.readings ***MP5000 PSUs and SMUs***' (115878)
Hyperlink 'bufferVar.readings ***MP5000 PSUs and SMUs***' - 115878 removed as not found in book table of contents
Hyperlink 'bufferVar.sourcefunctions ***MP5000 PSUs***' (116725)
Hyperlink 'bufferVar.sourcefunctions ***MP5000 PSUs***' - 116725 removed as not found in book table of contents
Hyperlink 'bufferVar.sourcefunctions ***MP5000 SMUs***' (116780)
Hyperlink 'bufferVar.sourcefunctions ***MP5000 SMUs***' - 116780 removed as not found in book table of contents
Hyperlink 'bufferVar.sourceoutputstates ***MP5000 PSUs***' (116726)
Hyperlink 'bufferVar.sourceoutputstates ***MP5000 PSUs***' - 116726 removed as not found in book table of contents
Hyperlink 'bufferVar.sourcefunctions ***MP5000 SMUs***' (116780)
Hyperlink 'bufferVar.sourcefunctions ***MP5000 SMUs***' - 116780 removed as not found in book table of contents
Hyperlink 'bufferVar.sourceranges ***MP5000 PSUs***' (116727)
Hyperlink 'bufferVar.sourceranges ***MP5000 PSUs***' - 116727 removed as not found in book table of contents
Hyperlink 'bufferVar.sourceranges ***MP5000 SMUs***' (116781)
Hyperlink 'bufferVar.sourceranges ***MP5000 SMUs***' - 116781 removed as not found in book table of contents
Hyperlink 'bufferVar.sourcevalues ***MP5000 PSUs***' (116728)
Hyperlink 'bufferVar.sourcevalues ***MP5000 PSUs***' - 116728 removed as not found in book table of contents
Hyperlink 'bufferVar.sourcevalues ***MP5000 SMUs***' (116782)
Hyperlink 'bufferVar.sourcevalues ***MP5000 SMUs***' - 116782 removed as not found in book table of contents
Hyperlink 'bufferVar.statuses ***MP5000 PSUs***' (116664)
Hyperlink 'bufferVar.statuses ***MP5000 PSUs***' - 116664 removed as not found in book table of contents
Hyperlink 'bufferVar.statuses ***MP5000 PSUs and SMUs***' (115879)
Hyperlink 'bufferVar.statuses ***MP5000 PSUs and SMUs***' - 115879 removed as not found in book table of contents
Hyperlink 'bufferVar.timestamps ***MP5000 PSUs***' (115933)
Hyperlink 'bufferVar.timestamps ***MP5000 PSUs***' - 115933 removed as not found in book table of contents
Hyperlink 'bufferVar.timestamps ***MP5000 SMUs***' (116662)
Hyperlink 'bufferVar.timestamps ***MP5000 SMUs***' - 116662 removed as not found in book table of contents
Hyperlink 'format.asciiprecision' (116341)
Hyperlink 'format.byteorder' (116346)
Hyperlink 'format.data' (116347)
Hyperlink 'print()' (116348)
Hyperlink 'printnumber()' (116350)
Hyperlink 'format.asciiprecision' (116341)
Hyperlink 'format.byteorder' (116346)
Hyperlink 'format.data' (116347)
Hyperlink 'print()' (116348)
Hyperlink 'printbuffer()' (116349)
Hyperlink 'slot[Z].psu[X].reset() ***MP5000 PSUs***' (116741)
Hyperlink 'slot[Z].psu[X].reset() ***MP5000 PSUs***' - 116741 removed as not found in book table of contents
Hyperlink 'slot[Z].smu[X].reset() ***MP5000 SMUs***' (110000)
Hyperlink 'slot[Z].smu[X].reset() ***MP5000 SMUs***' - 110000 removed as not found in book table of contents
Hyperlink 'scriptVar.save()' (116857)
Hyperlink 'script.new()' (116865)
Hyperlink 'scriptVar.save()' (116857)
Hyperlink 'script.delete()' (116868)
Hyperlink 'script.new()' (116865)
Hyperlink 'scriptVar.save()' (116857)
Hyperlink 'scriptVar.list()' (116860)
Hyperlink 'os.clock()  ***MP5000***' (106795)
Hyperlink 'os.time()  ***MP5000***' (106794)
Hyperlink 'gettimezone()' (117389)
Hyperlink 'os.time()  ***MP5000***' (106794)
Hyperlink 'slot.autostart ***MP5000***' (115530)
Hyperlink 'slot.start() ***MP5000***' (109734)
Hyperlink 'slot.stop() ***MP5000***' (109735)
Hyperlink 'slot.autorestart' (116134)
Hyperlink 'slot.start() ***MP5000***' (115529)
Hyperlink 'slot.stop() ***MP5000***' (109735)
Hyperlink 'slot.autorestart' (116134)
Hyperlink 'slot.autostart ***MP5000***' (115530)
Hyperlink 'slot.stop() ***MP5000***' (109735)
Hyperlink 'slot.autorestart' (116134)
Hyperlink 'slot.autostart ***MP5000***' (115530)
Hyperlink 'slot.start() ***MP5000***' (109734)
Hyperlink 'Status register set contents' (14248)
Hyperlink 'Status register set contents' - 14248 removed as not found in book table of contents
Hyperlink 'Status register set contents' - 14248 removed as not found in book table of contents
Hyperlink 'Status register set contents' - 14248 removed as not found in book table of contents
Hyperlink 'Status model' (2272)
Hyperlink 'Status model' - 2272 removed as not found in book table of contents
Hyperlink 'Status model' - 2272 removed as not found in book table of contents
Hyperlink 'status.reset() ***MSMU***' (117997)
Hyperlink 'Status model' (2272)
Hyperlink 'Status model' - 2272 removed as not found in book table of contents
Hyperlink 'Status model' - 2272 removed as not found in book table of contents
Hyperlink 'Status byte and service request (SRQ)' (12333)
Hyperlink 'Status byte and service request (SRQ)' - 12333 removed as not found in book table of contents
Hyperlink 'Status byte and service request (SRQ)' - 12333 removed as not found in book table of contents
Hyperlink 'Status byte and service request (SRQ)' - 12333 removed as not found in book table of contents
Hyperlink 'Status byte and service request (SRQ)' - 12333 removed as not found in book table of contents
Hyperlink 'status.condition' (17173)
Hyperlink 'status.condition' - 17173 removed as not found in book table of contents
Hyperlink 'status.condition' - 17173 removed as not found in book table of contents
Hyperlink 'status.condition' - 17173 removed as not found in book table of contents
Hyperlink 'status.condition' - 17173 removed as not found in book table of contents
Hyperlink 'status.system.*' (17456)
Hyperlink 'Status byte and service request (SRQ)' (12333)
Hyperlink 'Status byte and service request (SRQ)' - 12333 removed as not found in book table of contents
Hyperlink 'Status byte and service request (SRQ)' - 12333 removed as not found in book table of contents
Hyperlink 'Status byte and service request (SRQ)' - 12333 removed as not found in book table of contents
Hyperlink 'Status byte and service request (SRQ)' - 12333 removed as not found in book table of contents
Hyperlink 'Status byte and service request (SRQ)' (12333)
Hyperlink 'Status byte and service request (SRQ)' - 12333 removed as not found in book table of contents
Hyperlink 'Status byte and service request (SRQ)' - 12333 removed as not found in book table of contents
Hyperlink 'Status byte and service request (SRQ)' - 12333 removed as not found in book table of contents
Hyperlink 'Status byte and service request (SRQ)' - 12333 removed as not found in book table of contents
Hyperlink 'status.condition' (17173)
Hyperlink 'status.condition' - 17173 removed as not found in book table of contents
Hyperlink 'status.condition' - 17173 removed as not found in book table of contents
Hyperlink 'status.condition' - 17173 removed as not found in book table of contents
Hyperlink 'status.condition' - 17173 removed as not found in book table of contents
Hyperlink 'status.system.*' (17456)
Hyperlink 'Status register set contents' (14248)
Hyperlink 'Status register set contents' - 14248 removed as not found in book table of contents
Hyperlink 'Status register set contents' - 14248 removed as not found in book table of contents
Hyperlink 'Status register set contents' - 14248 removed as not found in book table of contents
Hyperlink 'Operation Status Registers' (19364)
Hyperlink 'Operation Status Registers' - 19364 removed as not found in book table of contents
Hyperlink 'Operation Status Registers' - 19364 removed as not found in book table of contents
Hyperlink 'Operation Status Registers' - 19364 removed as not found in book table of contents
Hyperlink 'Operation Status Registers' - 19364 removed as not found in book table of contents
Hyperlink 'Operation Status Registers' - 19364 removed as not found in book table of contents
Hyperlink 'Status register set contents' (14248)
Hyperlink 'Status register set contents' - 14248 removed as not found in book table of contents
Hyperlink 'Status register set contents' - 14248 removed as not found in book table of contents
Hyperlink 'Status register set contents' - 14248 removed as not found in book table of contents
Hyperlink 'Operation Status Registers' (19364)
Hyperlink 'Operation Status Registers' - 19364 removed as not found in book table of contents
Hyperlink 'Operation Status Registers' - 19364 removed as not found in book table of contents
Hyperlink 'Operation Status Registers' - 19364 removed as not found in book table of contents
Hyperlink 'Operation Status Registers' - 19364 removed as not found in book table of contents
Hyperlink 'Operation Status Registers' - 19364 removed as not found in book table of contents
Hyperlink 'status.operation' (116370)
Hyperlink 'status.operation.instrument.digio' (116371)
Hyperlink 'status.operation.instrument.lan' (116372)
Hyperlink 'Status register set contents' (14248)
Hyperlink 'Status register set contents' - 14248 removed as not found in book table of contents
Hyperlink 'Status register set contents' - 14248 removed as not found in book table of contents
Hyperlink 'Status register set contents' - 14248 removed as not found in book table of contents
Hyperlink 'Operation Status Registers' (19364)
Hyperlink 'Operation Status Registers' - 19364 removed as not found in book table of contents
Hyperlink 'Operation Status Registers' - 19364 removed as not found in book table of contents
Hyperlink 'Operation Status Registers' - 19364 removed as not found in book table of contents
Hyperlink 'Operation Status Registers' - 19364 removed as not found in book table of contents
Hyperlink 'Operation Status Registers' - 19364 removed as not found in book table of contents
Hyperlink 'status.operation.instrument.digio.trigger_overrun.*  ***MP5000***' (116698)
Hyperlink 'Status register set contents' (14248)
Hyperlink 'Status register set contents' - 14248 removed as not found in book table of contents
Hyperlink 'Status register set contents' - 14248 removed as not found in book table of contents
Hyperlink 'Status register set contents' - 14248 removed as not found in book table of contents
Hyperlink 'Operation Status Registers' (19364)
Hyperlink 'Operation Status Registers' - 19364 removed as not found in book table of contents
Hyperlink 'Operation Status Registers' - 19364 removed as not found in book table of contents
Hyperlink 'Operation Status Registers' - 19364 removed as not found in book table of contents
Hyperlink 'Operation Status Registers' - 19364 removed as not found in book table of contents
Hyperlink 'Operation Status Registers' - 19364 removed as not found in book table of contents
Hyperlink 'status.operation.instrument.digio.*' (11300)
Hyperlink 'status.operation.instrument.digio.*' - 11300 removed as not found in book table of contents
Hyperlink 'status.operation.instrument.digio.trigger_overrun2.* ***MP5000***' (116540)
Hyperlink 'status.operation.trigger_overrun.*' (15896)
Hyperlink 'status.operation.trigger_overrun.*' - 15896 removed as not found in book table of contents
Hyperlink 'status.operation.trigger_overrun.*' - 15896 removed as not found in book table of contents
Hyperlink 'status.operation.trigger_overrun.*' - 15896 removed as not found in book table of contents
Hyperlink 'status.operation.trigger_overrun.*' - 15896 removed as not found in book table of contents
Hyperlink 'Status register set contents' (14248)
Hyperlink 'Status register set contents' - 14248 removed as not found in book table of contents
Hyperlink 'Status register set contents' - 14248 removed as not found in book table of contents
Hyperlink 'Status register set contents' - 14248 removed as not found in book table of contents
Hyperlink 'Operation Status Registers' (19364)
Hyperlink 'Operation Status Registers' - 19364 removed as not found in book table of contents
Hyperlink 'Operation Status Registers' - 19364 removed as not found in book table of contents
Hyperlink 'Operation Status Registers' - 19364 removed as not found in book table of contents
Hyperlink 'Operation Status Registers' - 19364 removed as not found in book table of contents
Hyperlink 'Operation Status Registers' - 19364 removed as not found in book table of contents
Hyperlink 'status.operation.instrument.digio.*' (11300)
Hyperlink 'status.operation.instrument.digio.*' - 11300 removed as not found in book table of contents
Hyperlink 'Status register set contents' (14248)
Hyperlink 'Status register set contents' - 14248 removed as not found in book table of contents
Hyperlink 'Status register set contents' - 14248 removed as not found in book table of contents
Hyperlink 'Status register set contents' - 14248 removed as not found in book table of contents
Hyperlink 'Operation Status Registers' (19364)
Hyperlink 'Operation Status Registers' - 19364 removed as not found in book table of contents
Hyperlink 'Operation Status Registers' - 19364 removed as not found in book table of contents
Hyperlink 'Operation Status Registers' - 19364 removed as not found in book table of contents
Hyperlink 'Operation Status Registers' - 19364 removed as not found in book table of contents
Hyperlink 'Operation Status Registers' - 19364 removed as not found in book table of contents
Hyperlink 'Status register set contents' (14248)
Hyperlink 'Status register set contents' - 14248 removed as not found in book table of contents
Hyperlink 'Status register set contents' - 14248 removed as not found in book table of contents
Hyperlink 'Status register set contents' - 14248 removed as not found in book table of contents
Hyperlink 'Operation Status Registers' (19364)
Hyperlink 'Operation Status Registers' - 19364 removed as not found in book table of contents
Hyperlink 'Operation Status Registers' - 19364 removed as not found in book table of contents
Hyperlink 'Operation Status Registers' - 19364 removed as not found in book table of contents
Hyperlink 'Operation Status Registers' - 19364 removed as not found in book table of contents
Hyperlink 'Operation Status Registers' - 19364 removed as not found in book table of contents
Hyperlink 'status.operation.instrument.trigger_timer.trigger_overrun.*' (15890)
Hyperlink 'Status register set contents' (14248)
Hyperlink 'Status register set contents' - 14248 removed as not found in book table of contents
Hyperlink 'Status register set contents' - 14248 removed as not found in book table of contents
Hyperlink 'Status register set contents' - 14248 removed as not found in book table of contents
Hyperlink 'Operation Status Registers' (19364)
Hyperlink 'Operation Status Registers' - 19364 removed as not found in book table of contents
Hyperlink 'Operation Status Registers' - 19364 removed as not found in book table of contents
Hyperlink 'Operation Status Registers' - 19364 removed as not found in book table of contents
Hyperlink 'Operation Status Registers' - 19364 removed as not found in book table of contents
Hyperlink 'Operation Status Registers' - 19364 removed as not found in book table of contents
Hyperlink 'status.operation.instrument.trigger_timer.*' (11299)
Hyperlink 'Status register set contents' (14248)
Hyperlink 'Status register set contents' - 14248 removed as not found in book table of contents
Hyperlink 'Status register set contents' - 14248 removed as not found in book table of contents
Hyperlink 'Status register set contents' - 14248 removed as not found in book table of contents
Hyperlink 'Operation Status Registers' (19364)
Hyperlink 'Operation Status Registers' - 19364 removed as not found in book table of contents
Hyperlink 'Operation Status Registers' - 19364 removed as not found in book table of contents
Hyperlink 'Operation Status Registers' - 19364 removed as not found in book table of contents
Hyperlink 'Operation Status Registers' - 19364 removed as not found in book table of contents
Hyperlink 'Operation Status Registers' - 19364 removed as not found in book table of contents
Hyperlink 'status.operation.instrument.tsplink.trigger_overrun.*' (15892)
Hyperlink 'Status register set contents' (14248)
Hyperlink 'Status register set contents' - 14248 removed as not found in book table of contents
Hyperlink 'Status register set contents' - 14248 removed as not found in book table of contents
Hyperlink 'Status register set contents' - 14248 removed as not found in book table of contents
Hyperlink 'Operation Status Registers' (19364)
Hyperlink 'Operation Status Registers' - 19364 removed as not found in book table of contents
Hyperlink 'Operation Status Registers' - 19364 removed as not found in book table of contents
Hyperlink 'Operation Status Registers' - 19364 removed as not found in book table of contents
Hyperlink 'Operation Status Registers' - 19364 removed as not found in book table of contents
Hyperlink 'Operation Status Registers' - 19364 removed as not found in book table of contents
Hyperlink 'status.operation.instrument.trigger_timer.*' (11299)
Hyperlink 'Status register set contents' (14248)
Hyperlink 'Status register set contents' - 14248 removed as not found in book table of contents
Hyperlink 'Status register set contents' - 14248 removed as not found in book table of contents
Hyperlink 'Status register set contents' - 14248 removed as not found in book table of contents
Hyperlink 'Operation Status Registers' (19364)
Hyperlink 'Operation Status Registers' - 19364 removed as not found in book table of contents
Hyperlink 'Operation Status Registers' - 19364 removed as not found in book table of contents
Hyperlink 'Operation Status Registers' - 19364 removed as not found in book table of contents
Hyperlink 'Operation Status Registers' - 19364 removed as not found in book table of contents
Hyperlink 'Operation Status Registers' - 19364 removed as not found in book table of contents
Hyperlink 'status.operation' (116370)
Hyperlink 'Status register set contents' (14248)
Hyperlink 'Status register set contents' - 14248 removed as not found in book table of contents
Hyperlink 'Status register set contents' - 14248 removed as not found in book table of contents
Hyperlink 'Status register set contents' - 14248 removed as not found in book table of contents
Hyperlink 'Operation Status Registers' (19364)
Hyperlink 'Operation Status Registers' - 19364 removed as not found in book table of contents
Hyperlink 'Operation Status Registers' - 19364 removed as not found in book table of contents
Hyperlink 'Operation Status Registers' - 19364 removed as not found in book table of contents
Hyperlink 'Operation Status Registers' - 19364 removed as not found in book table of contents
Hyperlink 'Operation Status Registers' - 19364 removed as not found in book table of contents
Hyperlink 'status.operation.*' (15878)
Hyperlink 'status.operation.*' - 15878 removed as not found in book table of contents
Hyperlink 'Status register set contents' (14248)
Hyperlink 'Status register set contents' - 14248 removed as not found in book table of contents
Hyperlink 'Status register set contents' - 14248 removed as not found in book table of contents
Hyperlink 'Status register set contents' - 14248 removed as not found in book table of contents
Hyperlink 'Operation Status Registers' (19364)
Hyperlink 'Operation Status Registers' - 19364 removed as not found in book table of contents
Hyperlink 'Operation Status Registers' - 19364 removed as not found in book table of contents
Hyperlink 'Operation Status Registers' - 19364 removed as not found in book table of contents
Hyperlink 'Operation Status Registers' - 19364 removed as not found in book table of contents
Hyperlink 'Operation Status Registers' - 19364 removed as not found in book table of contents
Hyperlink 'status.operation' (116370)
Hyperlink 'Status register set contents' (14248)
Hyperlink 'Status register set contents' - 14248 removed as not found in book table of contents
Hyperlink 'Status register set contents' - 14248 removed as not found in book table of contents
Hyperlink 'Status register set contents' - 14248 removed as not found in book table of contents
Hyperlink 'Operation Status Registers' (19364)
Hyperlink 'Operation Status Registers' - 19364 removed as not found in book table of contents
Hyperlink 'Operation Status Registers' - 19364 removed as not found in book table of contents
Hyperlink 'Operation Status Registers' - 19364 removed as not found in book table of contents
Hyperlink 'Operation Status Registers' - 19364 removed as not found in book table of contents
Hyperlink 'Operation Status Registers' - 19364 removed as not found in book table of contents
Hyperlink 'status.operation' (116370)
Hyperlink 'Status register set contents' (14248)
Hyperlink 'Status register set contents' - 14248 removed as not found in book table of contents
Hyperlink 'Status register set contents' - 14248 removed as not found in book table of contents
Hyperlink 'Status register set contents' - 14248 removed as not found in book table of contents
Hyperlink 'Operation Status Registers' (19364)
Hyperlink 'Operation Status Registers' - 19364 removed as not found in book table of contents
Hyperlink 'Operation Status Registers' - 19364 removed as not found in book table of contents
Hyperlink 'Operation Status Registers' - 19364 removed as not found in book table of contents
Hyperlink 'Operation Status Registers' - 19364 removed as not found in book table of contents
Hyperlink 'Operation Status Registers' - 19364 removed as not found in book table of contents
Hyperlink 'status.operation' (116370)
Hyperlink 'Status register set contents' (14248)
Hyperlink 'Status register set contents' - 14248 removed as not found in book table of contents
Hyperlink 'Status register set contents' - 14248 removed as not found in book table of contents
Hyperlink 'Status register set contents' - 14248 removed as not found in book table of contents
Hyperlink 'Operation Status Registers' (19364)
Hyperlink 'Operation Status Registers' - 19364 removed as not found in book table of contents
Hyperlink 'Operation Status Registers' - 19364 removed as not found in book table of contents
Hyperlink 'Operation Status Registers' - 19364 removed as not found in book table of contents
Hyperlink 'Operation Status Registers' - 19364 removed as not found in book table of contents
Hyperlink 'Operation Status Registers' - 19364 removed as not found in book table of contents
Hyperlink 'status.operation' (116370)
Hyperlink 'Status register set contents' (14248)
Hyperlink 'Status register set contents' - 14248 removed as not found in book table of contents
Hyperlink 'Status register set contents' - 14248 removed as not found in book table of contents
Hyperlink 'Status register set contents' - 14248 removed as not found in book table of contents
Hyperlink 'status.operation.*' (15878)
Hyperlink 'status.operation.*' - 15878 removed as not found in book table of contents
Hyperlink 'Status byte and service request (SRQ)' (12333)
Hyperlink 'Status byte and service request (SRQ)' - 12333 removed as not found in book table of contents
Hyperlink 'Status byte and service request (SRQ)' - 12333 removed as not found in book table of contents
Hyperlink 'Status byte and service request (SRQ)' - 12333 removed as not found in book table of contents
Hyperlink 'Status byte and service request (SRQ)' - 12333 removed as not found in book table of contents
Hyperlink 'status.condition' (17173)
Hyperlink 'status.condition' - 17173 removed as not found in book table of contents
Hyperlink 'status.condition' - 17173 removed as not found in book table of contents
Hyperlink 'status.condition' - 17173 removed as not found in book table of contents
Hyperlink 'status.condition' - 17173 removed as not found in book table of contents
Hyperlink 'status.system.*' (17456)
Hyperlink 'Status register set contents' (14248)
Hyperlink 'Status register set contents' - 14248 removed as not found in book table of contents
Hyperlink 'Status register set contents' - 14248 removed as not found in book table of contents
Hyperlink 'Status register set contents' - 14248 removed as not found in book table of contents
Hyperlink 'Standard Event Register' (19483)
Hyperlink 'Standard Event Register' - 19483 removed as not found in book table of contents
Hyperlink 'Standard Event Register' - 19483 removed as not found in book table of contents
Hyperlink 'Standard Event Register' - 19483 removed as not found in book table of contents
Hyperlink 'Standard Event Register' - 19483 removed as not found in book table of contents
Hyperlink 'Standard Event Register' - 19483 removed as not found in book table of contents
Hyperlink 'Standard Event Register' - 19483 removed as not found in book table of contents
Hyperlink 'Standard Event Register' - 19483 removed as not found in book table of contents
Hyperlink 'Status register set contents' (14248)
Hyperlink 'Status register set contents' - 14248 removed as not found in book table of contents
Hyperlink 'Status register set contents' - 14248 removed as not found in book table of contents
Hyperlink 'Status register set contents' - 14248 removed as not found in book table of contents
Hyperlink 'status.condition' (17173)
Hyperlink 'status.condition' - 17173 removed as not found in book table of contents
Hyperlink 'status.condition' - 17173 removed as not found in book table of contents
Hyperlink 'status.condition' - 17173 removed as not found in book table of contents
Hyperlink 'status.condition' - 17173 removed as not found in book table of contents
Hyperlink 'status.system.*' (17456)
Hyperlink 'Status byte and service request (SRQ)' (12333)
Hyperlink 'Status byte and service request (SRQ)' - 12333 removed as not found in book table of contents
Hyperlink 'Status byte and service request (SRQ)' - 12333 removed as not found in book table of contents
Hyperlink 'Status byte and service request (SRQ)' - 12333 removed as not found in book table of contents
Hyperlink 'Status byte and service request (SRQ)' - 12333 removed as not found in book table of contents
Hyperlink 'Status register set contents' (14248)
Hyperlink 'Status register set contents' - 14248 removed as not found in book table of contents
Hyperlink 'Status register set contents' - 14248 removed as not found in book table of contents
Hyperlink 'Status register set contents' - 14248 removed as not found in book table of contents
Hyperlink 'Status model' (2272)
Hyperlink 'Status model' - 2272 removed as not found in book table of contents
Hyperlink 'Status model' - 2272 removed as not found in book table of contents
Hyperlink 'slot[Z].reset() ***MSMU***' (117996)
Hyperlink 'Status register set contents' (14248)
Hyperlink 'Status register set contents' - 14248 removed as not found in book table of contents
Hyperlink 'Status register set contents' - 14248 removed as not found in book table of contents
Hyperlink 'Status register set contents' - 14248 removed as not found in book table of contents
Hyperlink 'status.system2.*' (17457)
Hyperlink 'status.system2.*' - 17457 removed as not found in book table of contents
Hyperlink 'System Summary registers ***MP5000***' (118173)
Hyperlink 'System Summary registers ***MP5000***' - 118173 removed as not found in book table of contents
Hyperlink 'Status register set contents' (14248)
Hyperlink 'Status register set contents' - 14248 removed as not found in book table of contents
Hyperlink 'Status register set contents' - 14248 removed as not found in book table of contents
Hyperlink 'Status register set contents' - 14248 removed as not found in book table of contents
Hyperlink 'status.system' (116374)
Hyperlink 'status.system' - 116374 removed as not found in book table of contents
Hyperlink 'status.system3.*' (116375)
Hyperlink 'Status register set contents' (14248)
Hyperlink 'Status register set contents' - 14248 removed as not found in book table of contents
Hyperlink 'Status register set contents' - 14248 removed as not found in book table of contents
Hyperlink 'Status register set contents' - 14248 removed as not found in book table of contents
Hyperlink 'status.system2.*' (116373)
Hyperlink 'status.system4.*' (116376)
Hyperlink 'Status register set contents' (14248)
Hyperlink 'Status register set contents' - 14248 removed as not found in book table of contents
Hyperlink 'Status register set contents' - 14248 removed as not found in book table of contents
Hyperlink 'Status register set contents' - 14248 removed as not found in book table of contents
Hyperlink 'status.system3.*' (116375)
Hyperlink 'status.system5.*' (116377)
Hyperlink 'status.system4.*' (116376)
Hyperlink 'timer.readtime' (116614)
Hyperlink 'timer.cleartime' (116613)
Hyperlink 'trigger.wait()' (116378)
Hyperlink 'trigger.detector[N].overrun' (116551)
Hyperlink 'trigger.detector[N].clear()' (116552)
Hyperlink 'digio.trigger[N].EVENT_ID' (116679)
Hyperlink 'slot[Z].smu[X].trigger.EVENT_AT_LIMIT ***SMUs***' (118327)
Hyperlink 'slot[Z].smu[X].trigger.EVENT_AT_LIMIT ***SMUs***' - 118327 removed as not found in book table of contents
Hyperlink 'slot[Z].trigger.model.EVENT_NOTIFYN Z ***SMUs***' (118325)
Hyperlink 'slot[Z].trigger.model.EVENT_NOTIFYN Z ***SMUs***' - 118325 removed as not found in book table of contents
Hyperlink 'trigger.generator[N].EVENT_ID' (116380)
Hyperlink 'trigger.timer[N].EVENT_ID' (117264)
Hyperlink 'tsplink.trigger[N].EVENT_ID' (15313)
Hyperlink 'trigger.detector[N].wait' (116553)
Hyperlink 'trigger.detector[N].clear()' (116552)
Hyperlink 'trigger.detector[N].stimulus' (116554)
Hyperlink 'trigger.generator[N].EVENT_ID' (116380)
Hyperlink 'trigger.generator[N].assert()' (116381)
Hyperlink 'trigger.timer[N].count' (117253)
Hyperlink 'trigger.timer[N].clear()' (117254)
Hyperlink 'trigger.timer[N].delay' (117255)
Hyperlink 'trigger.timer[N].reset' (117256)
Hyperlink 'trigger.timer[N].reset' (117256)
Hyperlink 'trigger.timer[N].reset' (117256)
Hyperlink 'trigger.timer[N].reset' (117256)
Hyperlink 'trigger.timer[N].count' (117253)
Hyperlink 'trigger.timer[N].delay' (117255)
Hyperlink 'trigger.timer[N].overrun' (117263)
Hyperlink 'trigger.timer[N].passthrough' (117262)
Hyperlink 'trigger.timer[N].stimulus' (117261)
Hyperlink 'digio.trigger[N].EVENT_ID' (116679)
Hyperlink 'slot[Z].smu[X].trigger.EVENT_AT_LIMIT ***SMUs***' (118327)
Hyperlink 'slot[Z].smu[X].trigger.EVENT_AT_LIMIT ***SMUs***' - 118327 removed as not found in book table of contents
Hyperlink 'slot[Z].trigger.model.EVENT_NOTIFYN Z ***SMUs***' (118325)
Hyperlink 'slot[Z].trigger.model.EVENT_NOTIFYN Z ***SMUs***' - 118325 removed as not found in book table of contents
Hyperlink 'trigger.generator[N].EVENT_ID' (116380)
Hyperlink 'trigger.timer[N].EVENT_ID' (117264)
Hyperlink 'tsplink.trigger[N].EVENT_ID' (15313)
Hyperlink 'trigger.timer[N].reset' (117256)
Hyperlink 'trigger.timer[N].clear()' (117254)
Hyperlink 'trigger.clear()' (116385)
Hyperlink 'tsplink.reset()' (11318)
Hyperlink 'tsplink.reset()' - 11318 removed as not found in book table of contents
Hyperlink 'tsplink.reset()' - 11318 removed as not found in book table of contents
Hyperlink 'tsplink.reset()' (11318)
Hyperlink 'tsplink.reset()' - 11318 removed as not found in book table of contents
Hyperlink 'tsplink.reset()' - 11318 removed as not found in book table of contents
Hyperlink 'tsplink.state' (15310)
Hyperlink 'tsplink.state' - 15310 removed as not found in book table of contents
Hyperlink 'tsplink.readport()' (15308)
Hyperlink 'tsplink.readport()' - 15308 removed as not found in book table of contents
Hyperlink 'tsplink.writebit()' (15320)
Hyperlink 'tsplink.readbit()' (116392)
Hyperlink 'tsplink.writebit()' (116390)
Hyperlink 'localnode.showerrors ***MP5000***' (109940)
Hyperlink 'tsplink.node' (116393)
Hyperlink 'tsplink.state' (116388)
Hyperlink 'tsplink.node' (116393)
Hyperlink 'tsplink.reset()' (116386)
Hyperlink 'tsplink.trigger[N].clear()' (1926)
Hyperlink 'tsplink.trigger[N].mode' (15314)
Hyperlink 'tsplink.trigger[N].mode' - 15314 removed as not found in book table of contents
Hyperlink 'tsplink.trigger[N].overrun' (1928)
Hyperlink 'tsplink.trigger[N].overrun' - 1928 removed as not found in book table of contents
Hyperlink 'tsplink.trigger[N].pulsewidth' (15316)
Hyperlink 'tsplink.trigger[N].pulsewidth' - 15316 removed as not found in book table of contents
Hyperlink 'tsplink.trigger[N].release()' (15317)
Hyperlink 'tsplink.trigger[N].stimulus' (1930)
Hyperlink 'tsplink.trigger[N].stimulus' - 1930 removed as not found in book table of contents
Hyperlink 'tsplink.trigger[N].stimulus' - 1930 removed as not found in book table of contents
Hyperlink 'tsplink.trigger[N].stimulus' - 1930 removed as not found in book table of contents
Hyperlink 'tsplink.trigger[N].stimulus' - 1930 removed as not found in book table of contents
Hyperlink 'tsplink.trigger[N].wait()' (15319)
Hyperlink 'tsplink.trigger[N].mode' (15314)
Hyperlink 'tsplink.trigger[N].mode' - 15314 removed as not found in book table of contents
Hyperlink 'tsplink.trigger[N].overrun' (1928)
Hyperlink 'tsplink.trigger[N].overrun' - 1928 removed as not found in book table of contents
Hyperlink 'tsplink.trigger[N].release()' (15317)
Hyperlink 'tsplink.trigger[N].stimulus' (1930)
Hyperlink 'tsplink.trigger[N].stimulus' - 1930 removed as not found in book table of contents
Hyperlink 'tsplink.trigger[N].stimulus' - 1930 removed as not found in book table of contents
Hyperlink 'tsplink.trigger[N].stimulus' - 1930 removed as not found in book table of contents
Hyperlink 'tsplink.trigger[N].stimulus' - 1930 removed as not found in book table of contents
Hyperlink 'tsplink.trigger[N].wait()' (15319)
Hyperlink 'tsplink.trigger[N].clear()' (1926)
Hyperlink 'tsplink.trigger[N].edge' (133216)
Hyperlink 'tsplink.trigger[N].mode' (116395)
Hyperlink 'tsplink.trigger[N].reset()' (17670)
Hyperlink 'digio.trigger[N].edge ***MP5000***' (115560)
Hyperlink 'digio.writebit() ***MP5000***' (115291)
Hyperlink 'digio.writeport() ***MP5000***' (115289)
Hyperlink 'tsplink.trigger[N].assert()' (12594)
Hyperlink 'tsplink.trigger[N].clear()' (116394)
Hyperlink 'tsplink.trigger[N].overrun' (116396)
Hyperlink 'tsplink.trigger[N].release()' (116398)
Hyperlink 'tsplink.trigger[N].reset()' (116405)
Hyperlink 'tsplink.trigger[N].stimulus' (116400)
Hyperlink 'tsplink.trigger[N].wait()' (116401)
Hyperlink 'tsplink.trigger[N].assert()' (116403)
Hyperlink 'tsplink.trigger[N].clear()' (116394)
Hyperlink 'tsplink.trigger[N].mode' (116395)
Hyperlink 'tsplink.trigger[N].release()' (116398)
Hyperlink 'tsplink.trigger[N].reset()' (116405)
Hyperlink 'tsplink.trigger[N].stimulus' (116400)
Hyperlink 'tsplink.trigger[N].wait()' (116401)
Hyperlink 'tsplink.trigger[N].release()' (116398)
Hyperlink 'tsplink.trigger[N].assert()' (12594)
Hyperlink 'tsplink.trigger[N].clear()' (1926)
Hyperlink 'tsplink.trigger[N].mode' (15314)
Hyperlink 'tsplink.trigger[N].mode' - 15314 removed as not found in book table of contents
Hyperlink 'tsplink.trigger[N].overrun' (1928)
Hyperlink 'tsplink.trigger[N].overrun' - 1928 removed as not found in book table of contents
Hyperlink 'tsplink.trigger[N].pulsewidth' (15316)
Hyperlink 'tsplink.trigger[N].pulsewidth' - 15316 removed as not found in book table of contents
Hyperlink 'tsplink.trigger[N].stimulus' (1930)
Hyperlink 'tsplink.trigger[N].stimulus' - 1930 removed as not found in book table of contents
Hyperlink 'tsplink.trigger[N].stimulus' - 1930 removed as not found in book table of contents
Hyperlink 'tsplink.trigger[N].stimulus' - 1930 removed as not found in book table of contents
Hyperlink 'tsplink.trigger[N].stimulus' - 1930 removed as not found in book table of contents
Hyperlink 'tsplink.trigger[N].wait()' (15319)
Hyperlink 'tsplink.trigger[N].mode' (15314)
Hyperlink 'tsplink.trigger[N].mode' - 15314 removed as not found in book table of contents
Hyperlink 'tsplink.trigger[N].overrun' (1928)
Hyperlink 'tsplink.trigger[N].overrun' - 1928 removed as not found in book table of contents
Hyperlink 'tsplink.trigger[N].pulsewidth' (15316)
Hyperlink 'tsplink.trigger[N].pulsewidth' - 15316 removed as not found in book table of contents
Hyperlink 'tsplink.trigger[N].stimulus' (1930)
Hyperlink 'tsplink.trigger[N].stimulus' - 1930 removed as not found in book table of contents
Hyperlink 'tsplink.trigger[N].stimulus' - 1930 removed as not found in book table of contents
Hyperlink 'tsplink.trigger[N].stimulus' - 1930 removed as not found in book table of contents
Hyperlink 'tsplink.trigger[N].stimulus' - 1930 removed as not found in book table of contents
Hyperlink 'digio.trigger[N].EVENT_ID' (116679)
Hyperlink 'slot[Z].smu[X].trigger.EVENT_AT_LIMIT ***SMUs***' (118327)
Hyperlink 'slot[Z].smu[X].trigger.EVENT_AT_LIMIT ***SMUs***' - 118327 removed as not found in book table of contents
Hyperlink 'slot[Z].trigger.model.EVENT_NOTIFYN Z ***SMUs***' (118325)
Hyperlink 'slot[Z].trigger.model.EVENT_NOTIFYN Z ***SMUs***' - 118325 removed as not found in book table of contents
Hyperlink 'trigger.generator[N].EVENT_ID' (116380)
Hyperlink 'trigger.timer[N].EVENT_ID' (117264)
Hyperlink 'tsplink.trigger[N].EVENT_ID' (15313)
Hyperlink 'tsplink.trigger[N].clear()' (1926)
Hyperlink 'tsplink.readbit()' (11321)
Hyperlink 'tsplink.readport()' (15308)
Hyperlink 'tsplink.readport()' - 15308 removed as not found in book table of contents
Hyperlink 'tsplink.writeport()' (15321)
Hyperlink 'tsplink.writeport()' - 15321 removed as not found in book table of contents
Hyperlink 'tsplink.writeprotect' (15322)
Hyperlink 'tsplink.writeprotect' - 15322 removed as not found in book table of contents
Hyperlink 'tsplink.readbit()' (11321)
Hyperlink 'tsplink.readport()' (15308)
Hyperlink 'tsplink.readport()' - 15308 removed as not found in book table of contents
Hyperlink 'tsplink.writebit()' (15320)
Hyperlink 'tsplink.writeprotect' (15322)
Hyperlink 'tsplink.writeprotect' - 15322 removed as not found in book table of contents
Hyperlink 'Digital I/O trigger control modes' (118383)
Hyperlink 'Digital I/O trigger control modes' - 118383 removed as not found in book table of contents
Hyperlink 'tsplink.readbit()' (116392)
Hyperlink 'tsplink.readport()' (116389)
Hyperlink 'tsplink.writebit()' (116390)
Hyperlink 'tsplink.writeport()' (116411)
Hyperlink 'tspnet.connect()' (14093)
Hyperlink 'tspnet.connect()' - 14093 removed as not found in book table of contents
Hyperlink 'tspnet.readavailable()' (18805)
Hyperlink 'tspnet.write()' (14111)
Hyperlink 'localnode.prompts  ***MP5000***' (106793)
Hyperlink 'localnode.showerrors ***MP5000***' (109940)
Hyperlink 'tsp.disconnect()' (116417)
Hyperlink 'tspnet.connect()' (14093)
Hyperlink 'tspnet.connect()' - 14093 removed as not found in book table of contents
Hyperlink 'tspnet.connect()' (116414)
Hyperlink 'tspnet.read()' (116418)
Hyperlink 'tspnet.read()' - 116418 removed as not found in book table of contents
Hyperlink 'tspnet.termination()' (116419)
Hyperlink 'tspnet.write()' (116416)
Hyperlink 'tspnet.write()' - 116416 removed as not found in book table of contents
Hyperlink 'tspnet.clear()' (116420)
Hyperlink 'tspnet.clear()' - 116420 removed as not found in book table of contents
Hyperlink 'tspnet.connect()' (14093)
Hyperlink 'tspnet.connect()' - 14093 removed as not found in book table of contents
Hyperlink 'tspnet.readavailable()' (18805)
Hyperlink 'tspnet.timeout' (18799)
Hyperlink 'tspnet.timeout' - 18799 removed as not found in book table of contents
Hyperlink 'tspnet.write()' (14111)
Hyperlink 'tspnet.connect()' (14093)
Hyperlink 'tspnet.connect()' - 14093 removed as not found in book table of contents
Hyperlink 'tspnet.read()' (14097)
Hyperlink 'tspnet.connect()' (14093)
Hyperlink 'tspnet.connect()' - 14093 removed as not found in book table of contents
Hyperlink 'tspnet.disconnect()' (14094)
Hyperlink 'tspnet.connect()' (14093)
Hyperlink 'tspnet.connect()' - 14093 removed as not found in book table of contents
Hyperlink 'tspnet.execute()' (14095)
Hyperlink 'tspnet.execute()' - 14095 removed as not found in book table of contents
Hyperlink 'tspnet.read()' (14097)
Hyperlink 'tspnet.connect()' (14093)
Hyperlink 'tspnet.connect()' - 14093 removed as not found in book table of contents
Hyperlink 'tspnet.execute()' (14095)
Hyperlink 'tspnet.execute()' - 14095 removed as not found in book table of contents
Hyperlink 'tspnet.connect()' (14093)
Hyperlink 'tspnet.connect()' - 14093 removed as not found in book table of contents
Hyperlink 'tspnet.read()' (14097)
Hyperlink 'lan.enable' (117276)
Hyperlink 'lan.config.hislip.enable' (117281)
Hyperlink 'lan.rawsocket.access' (118176)
Hyperlink 'lan.telnet.access' (118177)
Hyperlink 'lan.reset' (116907)
Hyperlink 'login' (118096)
Hyperlink 'logout' (118102)
Hyperlink 'userstring.delete() ***MP5000***' (115808)
Hyperlink 'userstring.get() ***MP5000***' (115807)
Hyperlink 'userstring.table() ***MP5000***' (115800)
Hyperlink 'userstring.add() ***MP5000**' (115806)
Hyperlink 'userstring.get() ***MP5000***' (115807)
Hyperlink 'userstring.table() ***MP5000***' (115800)
Hyperlink 'userstring.add() ***MP5000**' (115806)
Hyperlink 'userstring.delete() ***MP5000***' (115808)
Hyperlink 'userstring.table() ***MP5000***' (115800)
Hyperlink 'userstring.add() ***MP5000**' (115806)
Hyperlink 'userstring.delete() ***MP5000***' (115808)
Hyperlink 'userstring.get() ***MP5000***' (115807)
Adding Hyperlinks and Graphics (20 Second(s))
Converting Files (1 Second(s))
Creating Stylesheet (< 1 Second)
This book contained 53 Objects that aren't localized.
Style Object 'Related Heading' (111) not localized.
Style Object 'Related Item' (115) not localized.
Table of Contents Object 'KI DHTML Table of Contents' (55) not localized.
Media Object 'Other Section' (36) not localized.
Media Object 'Normal Section' (44) not localized.
Media Object 'Eclipse Help' (16408) not localized.
Media Object 'Contents Section' (37) not localized.
Style Object 'Body Text' (4) not localized.
File Object 'Next Icon' (124) not localized.
File Object 'Contents Icon' (122) not localized.
File Object 'Previous Icon' (125) not localized.
File Object 'Contents Icon' (59380) not localized.
Style Object 'Heading 2 - ICL' (3209) not localized.
Style Object 'Body Zero' (15324) not localized.
Style Object 'Table Heading Small' (7540) not localized.
Style Object 'Table Heading' (26) not localized.
Style Object 'Table Body Text Small' (7541) not localized.
Style Object 'ICL Subheading' (13878) not localized.
Style Object 'ICL Code' (13880) not localized.
Style Object 'ICL Spacing' (13904) not localized.
Style Object 'Table Body Text' (25) not localized.
Style Object 'ICL Body' (13879) not localized.
Style Object 'Code Table' (2603) not localized.
Style Object 'List Command' (19532) not localized.
Style Object 'Monospace Italic' (13825) not localized.
Style Object 'Emphasis' (7) not localized.
Style Object 'Grayed Out' (13845) not localized.
Style Object 'Monospace' (20) not localized.
Style Object 'Special Bold' (24) not localized.
Style Object 'List Bullet' (13) not localized.
Style Object 'Table Heading White Text' (17784) not localized.
Style Object 'Table List Bullet 9 pt' (33820) not localized.
Style Object 'List Bullet 2' (14) not localized.
Style Object 'Code' (365) not localized.
Style Object 'Caution' (335) not localized.
Style Object 'Note' (21) not localized.
Style Object 'Superscript' (128) not localized.
Style Object 'Table Body Text Center' (4267) not localized.
File Object 'VARIABLE - CAUTION' (14260) not localized.
File Object 'VARIABLE - NOTE' (14261) not localized.
Style Object 'Heading 1' (8) not localized.
Style Object 'Heading 2' (9) not localized.
Style Object 'Heading 3' (10) not localized.
Style Object 'Heading 4' (86) not localized.
Style Object 'Heading 5' (87) not localized.
Style Object 'Heading 6' (88) not localized.
Style Object 'Index A to Z' (146) not localized.
Style Object 'Index Heading' (143) not localized.
Style Object 'Index 1' (139) not localized.
Style Object 'Index 2' (140) not localized.
Style Object 'Index 3' (141) not localized.
Style Object 'Index Link' (142) not localized.
Style Object 'TOC' (27) not localized.
Publishing finish (Finished 8:23:33 PM)
SendJobStatusEmail: Start
SendJobStatusEmail email sent
SendJobStatusEmail: Finish
